#
# There is insufficient memory for the Java Runtime Environment to continue.
# Native memory allocation (mmap) failed to map 22020096 bytes for G1 virtual space
# Possible reasons:
#   The system is out of physical RAM or swap space
#   The process is running with CompressedOops enabled, and the Java Heap may be blocking the growth of the native heap
# Possible solutions:
#   Reduce memory load on the system
#   Increase physical memory or swap space
#   Check if swap backing store is full
#   Decrease Java heap size (-Xmx/-Xms)
#   Decrease number of Java threads
#   Decrease Java thread stack sizes (-Xss)
#   Set larger code cache with -XX:ReservedCodeCacheSize=
#   JVM is running with Unscaled Compressed Oops mode in which the Java heap is
#     placed in the first 4GB address space. The Java Heap base address is the
#     maximum limit for the native heap growth. Please use -XX:HeapBaseMinAddress
#     to set the Java Heap base and to place the Java Heap above 4GB virtual address.
# This output file may be truncated or incomplete.
#
#  Out of Memory Error (os_windows.cpp:3769), pid=3240, tid=8616
#
# JRE version: OpenJDK Runtime Environment (17.0.6) (build 17.0.6+0-b2043.56-10027231)
# Java VM: OpenJDK 64-Bit Server VM (17.0.6+0-b2043.56-10027231, mixed mode, tiered, compressed oops, compressed class ptrs, g1 gc, windows-amd64)
# No core dump will be written. Minidumps are not enabled by default on client versions of Windows
#

---------------  S U M M A R Y ------------

Command Line: --add-opens=java.base/java.util=ALL-UNNAMED --add-opens=java.base/java.lang=ALL-UNNAMED --add-opens=java.base/java.lang.invoke=ALL-UNNAMED --add-opens=java.prefs/java.util.prefs=ALL-UNNAMED --add-opens=java.base/java.nio.charset=ALL-UNNAMED --add-opens=java.base/java.net=ALL-UNNAMED --add-opens=java.base/java.util.concurrent.atomic=ALL-UNNAMED -Xmx2048m -Dfile.encoding=UTF-8 -Duser.country=US -Duser.language=en -Duser.variant org.gradle.launcher.daemon.bootstrap.GradleDaemon 8.0

Host: Intel(R) Core(TM) i5-10210U CPU @ 1.60GHz, 8 cores, 7G,  Windows 10 , 64 bit Build 19041 (10.0.19041.3636)
Time: Sun Nov 19 17:11:41 2023 SE Asia Standard Time elapsed time: 10.840046 seconds (0d 0h 0m 10s)

---------------  T H R E A D  ---------------

Current thread (0x000001fbf56d0310):  VMThread "VM Thread" [stack: 0x000000d85c400000,0x000000d85c500000] [id=8616]

Stack: [0x000000d85c400000,0x000000d85c500000]
Native frames: (J=compiled Java code, j=interpreted, Vv=VM code, C=native code)
V  [jvm.dll+0x683c9a]
V  [jvm.dll+0x8427a4]
V  [jvm.dll+0x843f9e]
V  [jvm.dll+0x844603]
V  [jvm.dll+0x249b75]
V  [jvm.dll+0x680b69]
V  [jvm.dll+0x67505a]
V  [jvm.dll+0x309acb]
V  [jvm.dll+0x310f86]
V  [jvm.dll+0x3608ee]
V  [jvm.dll+0x360b1f]
V  [jvm.dll+0x2dfbf8]
V  [jvm.dll+0x2e2ce6]
V  [jvm.dll+0x2ed478]
V  [jvm.dll+0x322150]
V  [jvm.dll+0x848ccb]
V  [jvm.dll+0x849a04]
V  [jvm.dll+0x849f1d]
V  [jvm.dll+0x84a2f4]
V  [jvm.dll+0x84a3c0]
V  [jvm.dll+0x7f274a]
V  [jvm.dll+0x682ad5]
C  [ucrtbase.dll+0x21bb2]
C  [KERNEL32.DLL+0x17344]
C  [ntdll.dll+0x526b1]

VM_Operation (0x000000d85c0ff7d0): G1Concurrent, mode: safepoint, requested by thread 0x000001fbdb8d87a0


---------------  P R O C E S S  ---------------

Threads class SMR info:
_java_thread_list=0x000001fbf9841b60, length=127, elements={
0x000001fbdb868df0, 0x000001fbf56f2250, 0x000001fbf56f40d0, 0x000001fbf56f91f0,
0x000001fbf56f9da0, 0x000001fbf601db10, 0x000001fbf601e4c0, 0x000001fbf601f1a0,
0x000001fbf601fb90, 0x000001fbf6025ea0, 0x000001fbf61b24f0, 0x000001fbf61b5670,
0x000001fbf664f590, 0x000001fbf664cf10, 0x000001fbf664bbd0, 0x000001fbf664c0a0,
0x000001fbf664dd80, 0x000001fbf664ebf0, 0x000001fbf664e720, 0x000001fbf664c570,
0x000001fbf664d3e0, 0x000001fbf664d8b0, 0x000001fbf664f0c0, 0x000001fbf8e5a7c0,
0x000001fbf8e5ce40, 0x000001fbf8e5d310, 0x000001fbf8e5eff0, 0x000001fbf8e5dcb0,
0x000001fbf8e5b630, 0x000001fbf8e5bb00, 0x000001fbf8e5c970, 0x000001fbf8e5f4c0,
0x000001fbf8e5d7e0, 0x000001fbf8e5ac90, 0x000001fbf8e59480, 0x000001fbf8e59950,
0x000001fbf8e5bfd0, 0x000001fbf8e58140, 0x000001fbf8e5b160, 0x000001fbf8e58610,
0x000001fbf8e58ae0, 0x000001fbfc2f2500, 0x000001fbfc2eeb40, 0x000001fbfc2f0cf0,
0x000001fbfc2ee1a0, 0x000001fbfc2ed330, 0x000001fbfc2ef010, 0x000001fbfc2ec990,
0x000001fbfc2ef9b0, 0x000001fbfc2ece60, 0x000001fbfc2ed800, 0x000001fbfc2edcd0,
0x000001fbfc2efe80, 0x000001fbfc2ef4e0, 0x000001fbfc2f2ea0, 0x000001fbfc2ee670,
0x000001fbfc2f11c0, 0x000001fbfc2f0820, 0x000001fbfc2f0350, 0x000001fbfc2f1690,
0x000001fbfc2f3370, 0x000001fbfc2ebb20, 0x000001fbfc2ebff0, 0x000001fbfc2f2030,
0x000001fbf664ca40, 0x000001fbf664e250, 0x000001fbf7277c80, 0x000001fbf727bb10,
0x000001fbf7279490, 0x000001fbf727b170, 0x000001fbf7278150, 0x000001fbf7278620,
0x000001fbf72772e0, 0x000001fbf7276e10, 0x000001fbf72777b0, 0x000001fbf7275600,
0x000001fbf727b640, 0x000001fbf7276470, 0x000001fbf7276940, 0x000001fbf7275130,
0x000001fbf727a7d0, 0x000001fbf7275fa0, 0x000001fbf727bfe0, 0x000001fbf7275ad0,
0x000001fbf7278af0, 0x000001fbf7279960, 0x000001fbf7274c60, 0x000001fbf7279e30,
0x000001fbf7278fc0, 0x000001fbf727c4b0, 0x000001fbf727a300, 0x000001fbf727aca0,
0x000001fbfc1c63c0, 0x000001fbfc1c6890, 0x000001fbfc1c6d60, 0x000001fbfc1c46e0,
0x000001fbfc1c5080, 0x000001fbfc1c5550, 0x000001fbfc1c7230, 0x000001fbfc1c3870,
0x000001fbfc1c8a40, 0x000001fbfc1c3d40, 0x000001fbfc1c2060, 0x000001fbfc1c8570,
0x000001fbfc1c4210, 0x000001fbfc1c8f10, 0x000001fbfc1c4bb0, 0x000001fbfc1c2530,
0x000001fbfc1c7bd0, 0x000001fbfc1c93e0, 0x000001fbfc1c5a20, 0x000001fbfc1c7700,
0x000001fbfc1c33a0, 0x000001fbfc1c80a0, 0x000001fbfc1c98b0, 0x000001fbfc1c2a00,
0x000001fbfc1c5ef0, 0x000001fbfc1c2ed0, 0x000001fbf9da4b00, 0x000001fbf9da2480,
0x000001fbf9da1fb0, 0x000001fbf9d9ef90, 0x000001fbf9da1610, 0x000001fbf9d9d2b0,
0x000001fbf7115680, 0x000001fbfde4b010, 0x000001fbf9d9eac0
}

Java Threads: ( => current thread )
  0x000001fbdb868df0 JavaThread "main" [_thread_blocked, id=9072, stack(0x000000d85be00000,0x000000d85bf00000)]
  0x000001fbf56f2250 JavaThread "Reference Handler" daemon [_thread_blocked, id=3880, stack(0x000000d85c500000,0x000000d85c600000)]
  0x000001fbf56f40d0 JavaThread "Finalizer" daemon [_thread_blocked, id=16312, stack(0x000000d85c600000,0x000000d85c700000)]
  0x000001fbf56f91f0 JavaThread "Signal Dispatcher" daemon [_thread_blocked, id=7608, stack(0x000000d85c700000,0x000000d85c800000)]
  0x000001fbf56f9da0 JavaThread "Attach Listener" daemon [_thread_blocked, id=15928, stack(0x000000d85c800000,0x000000d85c900000)]
  0x000001fbf601db10 JavaThread "Service Thread" daemon [_thread_blocked, id=10600, stack(0x000000d85c900000,0x000000d85ca00000)]
  0x000001fbf601e4c0 JavaThread "Monitor Deflation Thread" daemon [_thread_blocked, id=14812, stack(0x000000d85ca00000,0x000000d85cb00000)]
  0x000001fbf601f1a0 JavaThread "C2 CompilerThread0" daemon [_thread_in_native, id=13836, stack(0x000000d85cb00000,0x000000d85cc00000)]
  0x000001fbf601fb90 JavaThread "C1 CompilerThread0" daemon [_thread_blocked, id=13556, stack(0x000000d85cc00000,0x000000d85cd00000)]
  0x000001fbf6025ea0 JavaThread "Sweeper thread" daemon [_thread_blocked, id=10604, stack(0x000000d85cd00000,0x000000d85ce00000)]
  0x000001fbf61b24f0 JavaThread "Common-Cleaner" daemon [_thread_blocked, id=14444, stack(0x000000d85ce00000,0x000000d85cf00000)]
  0x000001fbf61b5670 JavaThread "Notification Thread" daemon [_thread_blocked, id=7960, stack(0x000000d85cf00000,0x000000d85d000000)]
  0x000001fbf664f590 JavaThread "Daemon health stats" [_thread_blocked, id=6392, stack(0x000000d85d700000,0x000000d85d800000)]
  0x000001fbf664cf10 JavaThread "Incoming local TCP Connector on port 57441" [_thread_in_native, id=15988, stack(0x000000d85d200000,0x000000d85d300000)]
  0x000001fbf664bbd0 JavaThread "Daemon periodic checks" [_thread_blocked, id=14104, stack(0x000000d85d800000,0x000000d85d900000)]
  0x000001fbf664c0a0 JavaThread "Daemon" [_thread_blocked, id=9508, stack(0x000000d85d900000,0x000000d85da00000)]
  0x000001fbf664dd80 JavaThread "Handler for socket connection from /127.0.0.1:57441 to /127.0.0.1:57442" [_thread_in_native, id=6032, stack(0x000000d85da00000,0x000000d85db00000)]
  0x000001fbf664ebf0 JavaThread "Cancel handler" [_thread_blocked, id=9028, stack(0x000000d85db00000,0x000000d85dc00000)]
  0x000001fbf664e720 JavaThread "Daemon worker" [_thread_blocked, id=2856, stack(0x000000d85dc00000,0x000000d85dd00000)]
  0x000001fbf664c570 JavaThread "Asynchronous log dispatcher for DefaultDaemonConnection: socket connection from /127.0.0.1:57441 to /127.0.0.1:57442" [_thread_blocked, id=2640, stack(0x000000d85dd00000,0x000000d85de00000)]
  0x000001fbf664d3e0 JavaThread "Stdin handler" [_thread_blocked, id=9504, stack(0x000000d85de00000,0x000000d85df00000)]
  0x000001fbf664d8b0 JavaThread "Daemon client event forwarder" [_thread_blocked, id=15268, stack(0x000000d85df00000,0x000000d85e000000)]
  0x000001fbf664f0c0 JavaThread "Cache worker for journal cache (C:\Users\hoang\.gradle\caches\journal-1)" [_thread_blocked, id=14884, stack(0x000000d85e300000,0x000000d85e400000)]
  0x000001fbf8e5a7c0 JavaThread "File lock request listener" [_thread_in_native, id=936, stack(0x000000d85e400000,0x000000d85e500000)]
  0x000001fbf8e5ce40 JavaThread "Cache worker for file hash cache (C:\Users\hoang\.gradle\caches\8.0\fileHashes)" [_thread_blocked, id=10352, stack(0x000000d85e500000,0x000000d85e600000)]
  0x000001fbf8e5d310 JavaThread "File watcher server" daemon [_thread_in_native, id=11004, stack(0x000000d85e700000,0x000000d85e800000)]
  0x000001fbf8e5eff0 JavaThread "File watcher consumer" daemon [_thread_blocked, id=4324, stack(0x000000d85e800000,0x000000d85e900000)]
  0x000001fbf8e5dcb0 JavaThread "jar transforms" [_thread_blocked, id=16072, stack(0x000000d85ea00000,0x000000d85eb00000)]
  0x000001fbf8e5b630 JavaThread "jar transforms Thread 2" [_thread_blocked, id=11352, stack(0x000000d85eb00000,0x000000d85ec00000)]
  0x000001fbf8e5bb00 JavaThread "jar transforms Thread 3" [_thread_blocked, id=4556, stack(0x000000d85ec00000,0x000000d85ed00000)]
  0x000001fbf8e5c970 JavaThread "jar transforms Thread 4" [_thread_blocked, id=9596, stack(0x000000d85ed00000,0x000000d85ee00000)]
  0x000001fbf8e5f4c0 JavaThread "jar transforms Thread 5" [_thread_blocked, id=148, stack(0x000000d85ee00000,0x000000d85ef00000)]
  0x000001fbf8e5d7e0 JavaThread "jar transforms Thread 6" [_thread_blocked, id=16152, stack(0x000000d85ef00000,0x000000d85f000000)]
  0x000001fbf8e5ac90 JavaThread "jar transforms Thread 7" [_thread_blocked, id=14208, stack(0x000000d85f000000,0x000000d85f100000)]
  0x000001fbf8e59480 JavaThread "jar transforms Thread 8" [_thread_blocked, id=4844, stack(0x000000d85f100000,0x000000d85f200000)]
  0x000001fbf8e59950 JavaThread "Cache worker for checksums cache (C:\Users\hoang\AndroidStudioProjects\t25film\.gradle\8.0\checksums)" [_thread_blocked, id=14756, stack(0x000000d85e600000,0x000000d85e700000)]
  0x000001fbf8e5bfd0 JavaThread "Cache worker for cache directory md-rule (C:\Users\hoang\.gradle\caches\8.0\md-rule)" [_thread_blocked, id=15944, stack(0x000000d85e900000,0x000000d85ea00000)]
  0x000001fbf8e58140 JavaThread "Cache worker for file content cache (C:\Users\hoang\.gradle\caches\8.0\fileContent)" [_thread_blocked, id=6364, stack(0x000000d85f300000,0x000000d85f400000)]
  0x000001fbf8e5b160 JavaThread "Cache worker for file hash cache (C:\Users\hoang\AndroidStudioProjects\t25film\.gradle\8.0\fileHashes)" [_thread_blocked, id=9552, stack(0x000000d85f400000,0x000000d85f500000)]
  0x000001fbf8e58610 JavaThread "Cache worker for cache directory md-supplier (C:\Users\hoang\.gradle\caches\8.0\md-supplier)" [_thread_blocked, id=15284, stack(0x000000d85f500000,0x000000d85f600000)]
  0x000001fbf8e58ae0 JavaThread "Cache worker for execution history cache (C:\Users\hoang\.gradle\caches\8.0\executionHistory)" [_thread_blocked, id=13016, stack(0x000000d85f600000,0x000000d85f700000)]
  0x000001fbfc2f2500 JavaThread "Cache worker for kotlin-dsl (C:\Users\hoang\.gradle\caches\8.0\kotlin-dsl)" [_thread_blocked, id=15896, stack(0x000000d85f700000,0x000000d85f800000)]
  0x000001fbfc2eeb40 JavaThread "Cache worker for dependencies-accessors (C:\Users\hoang\AndroidStudioProjects\t25film\.gradle\8.0\dependencies-accessors)" [_thread_blocked, id=10500, stack(0x000000d85f800000,0x000000d85f900000)]
  0x000001fbfc2f0cf0 JavaThread "Cache worker for Build Output Cleanup Cache (C:\Users\hoang\AndroidStudioProjects\t25film\.gradle\buildOutputCleanup)" [_thread_blocked, id=16052, stack(0x000000d85fa00000,0x000000d85fb00000)]
  0x000001fbfc2ee1a0 JavaThread "Unconstrained build operations" [_thread_blocked, id=15848, stack(0x000000d85fc00000,0x000000d85fd00000)]
  0x000001fbfc2ed330 JavaThread "Unconstrained build operations Thread 2" [_thread_blocked, id=9400, stack(0x000000d85fd00000,0x000000d85fe00000)]
  0x000001fbfc2ef010 JavaThread "Unconstrained build operations Thread 3" [_thread_blocked, id=3960, stack(0x000000d85fe00000,0x000000d85ff00000)]
  0x000001fbfc2ec990 JavaThread "Unconstrained build operations Thread 4" [_thread_blocked, id=7264, stack(0x000000d85ff00000,0x000000d860000000)]
  0x000001fbfc2ef9b0 JavaThread "Unconstrained build operations Thread 5" [_thread_blocked, id=12252, stack(0x000000d860000000,0x000000d860100000)]
  0x000001fbfc2ece60 JavaThread "Unconstrained build operations Thread 6" [_thread_blocked, id=6640, stack(0x000000d860100000,0x000000d860200000)]
  0x000001fbfc2ed800 JavaThread "Unconstrained build operations Thread 7" [_thread_blocked, id=2072, stack(0x000000d860200000,0x000000d860300000)]
  0x000001fbfc2edcd0 JavaThread "Unconstrained build operations Thread 8" [_thread_blocked, id=12960, stack(0x000000d860300000,0x000000d860400000)]
  0x000001fbfc2efe80 JavaThread "Unconstrained build operations Thread 9" [_thread_blocked, id=5452, stack(0x000000d860400000,0x000000d860500000)]
  0x000001fbfc2ef4e0 JavaThread "Unconstrained build operations Thread 10" [_thread_blocked, id=12300, stack(0x000000d860500000,0x000000d860600000)]
  0x000001fbfc2f2ea0 JavaThread "Unconstrained build operations Thread 11" [_thread_blocked, id=8896, stack(0x000000d860600000,0x000000d860700000)]
  0x000001fbfc2ee670 JavaThread "Unconstrained build operations Thread 12" [_thread_blocked, id=9632, stack(0x000000d860700000,0x000000d860800000)]
  0x000001fbfc2f11c0 JavaThread "Unconstrained build operations Thread 13" [_thread_blocked, id=580, stack(0x000000d860800000,0x000000d860900000)]
  0x000001fbfc2f0820 JavaThread "Unconstrained build operations Thread 14" [_thread_blocked, id=10112, stack(0x000000d860900000,0x000000d860a00000)]
  0x000001fbfc2f0350 JavaThread "Unconstrained build operations Thread 15" [_thread_blocked, id=14112, stack(0x000000d860a00000,0x000000d860b00000)]
  0x000001fbfc2f1690 JavaThread "Unconstrained build operations Thread 16" [_thread_blocked, id=11700, stack(0x000000d860b00000,0x000000d860c00000)]
  0x000001fbfc2f3370 JavaThread "Unconstrained build operations Thread 17" [_thread_blocked, id=8448, stack(0x000000d860c00000,0x000000d860d00000)]
  0x000001fbfc2ebb20 JavaThread "Unconstrained build operations Thread 18" [_thread_blocked, id=14996, stack(0x000000d860d00000,0x000000d860e00000)]
  0x000001fbfc2ebff0 JavaThread "Unconstrained build operations Thread 19" [_thread_blocked, id=12576, stack(0x000000d860e00000,0x000000d860f00000)]
  0x000001fbfc2f2030 JavaThread "Unconstrained build operations Thread 20" [_thread_blocked, id=11664, stack(0x000000d860f00000,0x000000d861000000)]
  0x000001fbf664ca40 JavaThread "Unconstrained build operations Thread 21" [_thread_blocked, id=8952, stack(0x000000d861000000,0x000000d861100000)]
  0x000001fbf664e250 JavaThread "Unconstrained build operations Thread 22" [_thread_blocked, id=15596, stack(0x000000d861100000,0x000000d861200000)]
  0x000001fbf7277c80 JavaThread "Unconstrained build operations Thread 23" [_thread_blocked, id=8340, stack(0x000000d861200000,0x000000d861300000)]
  0x000001fbf727bb10 JavaThread "Unconstrained build operations Thread 24" [_thread_blocked, id=9432, stack(0x000000d861300000,0x000000d861400000)]
  0x000001fbf7279490 JavaThread "Unconstrained build operations Thread 25" [_thread_blocked, id=13956, stack(0x000000d861400000,0x000000d861500000)]
  0x000001fbf727b170 JavaThread "Unconstrained build operations Thread 26" [_thread_blocked, id=10724, stack(0x000000d861500000,0x000000d861600000)]
  0x000001fbf7278150 JavaThread "Unconstrained build operations Thread 27" [_thread_blocked, id=12724, stack(0x000000d861600000,0x000000d861700000)]
  0x000001fbf7278620 JavaThread "Unconstrained build operations Thread 28" [_thread_blocked, id=7192, stack(0x000000d861700000,0x000000d861800000)]
  0x000001fbf72772e0 JavaThread "Unconstrained build operations Thread 29" [_thread_blocked, id=9052, stack(0x000000d861800000,0x000000d861900000)]
  0x000001fbf7276e10 JavaThread "Unconstrained build operations Thread 30" [_thread_blocked, id=5448, stack(0x000000d861900000,0x000000d861a00000)]
  0x000001fbf72777b0 JavaThread "Unconstrained build operations Thread 31" [_thread_blocked, id=10788, stack(0x000000d861a00000,0x000000d861b00000)]
  0x000001fbf7275600 JavaThread "Unconstrained build operations Thread 32" [_thread_blocked, id=16216, stack(0x000000d861b00000,0x000000d861c00000)]
  0x000001fbf727b640 JavaThread "Unconstrained build operations Thread 33" [_thread_blocked, id=996, stack(0x000000d861c00000,0x000000d861d00000)]
  0x000001fbf7276470 JavaThread "Unconstrained build operations Thread 34" [_thread_blocked, id=11440, stack(0x000000d861d00000,0x000000d861e00000)]
  0x000001fbf7276940 JavaThread "Unconstrained build operations Thread 35" [_thread_blocked, id=6436, stack(0x000000d861e00000,0x000000d861f00000)]
  0x000001fbf7275130 JavaThread "Unconstrained build operations Thread 36" [_thread_blocked, id=6896, stack(0x000000d861f00000,0x000000d862000000)]
  0x000001fbf727a7d0 JavaThread "Unconstrained build operations Thread 37" [_thread_blocked, id=15276, stack(0x000000d862000000,0x000000d862100000)]
  0x000001fbf7275fa0 JavaThread "Unconstrained build operations Thread 38" [_thread_blocked, id=10392, stack(0x000000d862100000,0x000000d862200000)]
  0x000001fbf727bfe0 JavaThread "Unconstrained build operations Thread 39" [_thread_blocked, id=10496, stack(0x000000d862200000,0x000000d862300000)]
  0x000001fbf7275ad0 JavaThread "Unconstrained build operations Thread 40" [_thread_blocked, id=16268, stack(0x000000d862300000,0x000000d862400000)]
  0x000001fbf7278af0 JavaThread "Unconstrained build operations Thread 41" [_thread_blocked, id=13796, stack(0x000000d862400000,0x000000d862500000)]
  0x000001fbf7279960 JavaThread "Unconstrained build operations Thread 42" [_thread_blocked, id=8056, stack(0x000000d862500000,0x000000d862600000)]
  0x000001fbf7274c60 JavaThread "Unconstrained build operations Thread 43" [_thread_blocked, id=15524, stack(0x000000d862600000,0x000000d862700000)]
  0x000001fbf7279e30 JavaThread "Unconstrained build operations Thread 44" [_thread_blocked, id=15660, stack(0x000000d862700000,0x000000d862800000)]
  0x000001fbf7278fc0 JavaThread "Unconstrained build operations Thread 45" [_thread_blocked, id=6940, stack(0x000000d862800000,0x000000d862900000)]
  0x000001fbf727c4b0 JavaThread "Unconstrained build operations Thread 46" [_thread_blocked, id=2196, stack(0x000000d862900000,0x000000d862a00000)]
  0x000001fbf727a300 JavaThread "Unconstrained build operations Thread 47" [_thread_blocked, id=16364, stack(0x000000d862a00000,0x000000d862b00000)]
  0x000001fbf727aca0 JavaThread "Unconstrained build operations Thread 48" [_thread_blocked, id=11472, stack(0x000000d862b00000,0x000000d862c00000)]
  0x000001fbfc1c63c0 JavaThread "Unconstrained build operations Thread 49" [_thread_blocked, id=15892, stack(0x000000d862c00000,0x000000d862d00000)]
  0x000001fbfc1c6890 JavaThread "Unconstrained build operations Thread 50" [_thread_blocked, id=12280, stack(0x000000d862d00000,0x000000d862e00000)]
  0x000001fbfc1c6d60 JavaThread "Unconstrained build operations Thread 51" [_thread_blocked, id=8228, stack(0x000000d862e00000,0x000000d862f00000)]
  0x000001fbfc1c46e0 JavaThread "Unconstrained build operations Thread 52" [_thread_blocked, id=400, stack(0x000000d862f00000,0x000000d863000000)]
  0x000001fbfc1c5080 JavaThread "Unconstrained build operations Thread 53" [_thread_blocked, id=10100, stack(0x000000d863000000,0x000000d863100000)]
  0x000001fbfc1c5550 JavaThread "Unconstrained build operations Thread 54" [_thread_blocked, id=7384, stack(0x000000d863100000,0x000000d863200000)]
  0x000001fbfc1c7230 JavaThread "Unconstrained build operations Thread 55" [_thread_blocked, id=3820, stack(0x000000d863200000,0x000000d863300000)]
  0x000001fbfc1c3870 JavaThread "Unconstrained build operations Thread 56" [_thread_blocked, id=6540, stack(0x000000d863300000,0x000000d863400000)]
  0x000001fbfc1c8a40 JavaThread "Unconstrained build operations Thread 57" [_thread_blocked, id=12240, stack(0x000000d863400000,0x000000d863500000)]
  0x000001fbfc1c3d40 JavaThread "Unconstrained build operations Thread 58" [_thread_blocked, id=8540, stack(0x000000d863500000,0x000000d863600000)]
  0x000001fbfc1c2060 JavaThread "Unconstrained build operations Thread 59" [_thread_blocked, id=15616, stack(0x000000d863600000,0x000000d863700000)]
  0x000001fbfc1c8570 JavaThread "Unconstrained build operations Thread 60" [_thread_blocked, id=1740, stack(0x000000d863700000,0x000000d863800000)]
  0x000001fbfc1c4210 JavaThread "Unconstrained build operations Thread 61" [_thread_blocked, id=15772, stack(0x000000d863800000,0x000000d863900000)]
  0x000001fbfc1c8f10 JavaThread "Unconstrained build operations Thread 62" [_thread_blocked, id=5836, stack(0x000000d863900000,0x000000d863a00000)]
  0x000001fbfc1c4bb0 JavaThread "Unconstrained build operations Thread 63" [_thread_blocked, id=15000, stack(0x000000d863a00000,0x000000d863b00000)]
  0x000001fbfc1c2530 JavaThread "Unconstrained build operations Thread 64" [_thread_blocked, id=4132, stack(0x000000d863b00000,0x000000d863c00000)]
  0x000001fbfc1c7bd0 JavaThread "Unconstrained build operations Thread 65" [_thread_blocked, id=2148, stack(0x000000d863c00000,0x000000d863d00000)]
  0x000001fbfc1c93e0 JavaThread "Unconstrained build operations Thread 66" [_thread_blocked, id=6400, stack(0x000000d863d00000,0x000000d863e00000)]
  0x000001fbfc1c5a20 JavaThread "Unconstrained build operations Thread 67" [_thread_blocked, id=10528, stack(0x000000d863e00000,0x000000d863f00000)]
  0x000001fbfc1c7700 JavaThread "Unconstrained build operations Thread 68" [_thread_blocked, id=14500, stack(0x000000d863f00000,0x000000d864000000)]
  0x000001fbfc1c33a0 JavaThread "Unconstrained build operations Thread 69" [_thread_blocked, id=5276, stack(0x000000d864000000,0x000000d864100000)]
  0x000001fbfc1c80a0 JavaThread "Unconstrained build operations Thread 70" [_thread_blocked, id=13196, stack(0x000000d864100000,0x000000d864200000)]
  0x000001fbfc1c98b0 JavaThread "Unconstrained build operations Thread 71" [_thread_blocked, id=13500, stack(0x000000d864200000,0x000000d864300000)]
  0x000001fbfc1c2a00 JavaThread "Unconstrained build operations Thread 72" [_thread_blocked, id=10588, stack(0x000000d864300000,0x000000d864400000)]
  0x000001fbfc1c5ef0 JavaThread "Unconstrained build operations Thread 73" [_thread_blocked, id=15012, stack(0x000000d864400000,0x000000d864500000)]
  0x000001fbfc1c2ed0 JavaThread "Unconstrained build operations Thread 74" [_thread_blocked, id=11568, stack(0x000000d864500000,0x000000d864600000)]
  0x000001fbf9da4b00 JavaThread "Unconstrained build operations Thread 75" [_thread_blocked, id=9668, stack(0x000000d864600000,0x000000d864700000)]
  0x000001fbf9da2480 JavaThread "Unconstrained build operations Thread 76" [_thread_blocked, id=11332, stack(0x000000d864700000,0x000000d864800000)]
  0x000001fbf9da1fb0 JavaThread "Unconstrained build operations Thread 77" [_thread_blocked, id=13948, stack(0x000000d864800000,0x000000d864900000)]
  0x000001fbf9d9ef90 JavaThread "Unconstrained build operations Thread 78" [_thread_blocked, id=7416, stack(0x000000d864900000,0x000000d864a00000)]
  0x000001fbf9da1610 JavaThread "Unconstrained build operations Thread 79" [_thread_blocked, id=9880, stack(0x000000d864a00000,0x000000d864b00000)]
  0x000001fbf9d9d2b0 JavaThread "Unconstrained build operations Thread 80" [_thread_blocked, id=2688, stack(0x000000d864b00000,0x000000d864c00000)]
  0x000001fbf7115680 JavaThread "C2 CompilerThread1" daemon [_thread_blocked, id=8980, stack(0x000000d85f200000,0x000000d85f300000)]
  0x000001fbfde4b010 JavaThread "C2 CompilerThread2" daemon [_thread_in_native, id=14660, stack(0x000000d85f900000,0x000000d85fa00000)]
  0x000001fbf9d9eac0 JavaThread "Memory manager" [_thread_blocked, id=14632, stack(0x000000d864c00000,0x000000d864d00000)]

Other Threads:
=>0x000001fbf56d0310 VMThread "VM Thread" [stack: 0x000000d85c400000,0x000000d85c500000] [id=8616]
  0x000001fbdb8e9bb0 WatcherThread [stack: 0x000000d85d000000,0x000000d85d100000] [id=4280]
  0x000001fbdb8c70c0 GCTaskThread "GC Thread#0" [stack: 0x000000d85bf00000,0x000000d85c000000] [id=14860]
  0x000001fbf6b058a0 GCTaskThread "GC Thread#1" [stack: 0x000000d85d300000,0x000000d85d400000] [id=13612]
  0x000001fbf71e2e20 GCTaskThread "GC Thread#2" [stack: 0x000000d85d400000,0x000000d85d500000] [id=11768]
  0x000001fbf67e09a0 GCTaskThread "GC Thread#3" [stack: 0x000000d85d500000,0x000000d85d600000] [id=10672]
  0x000001fbf77580c0 GCTaskThread "GC Thread#4" [stack: 0x000000d85d600000,0x000000d85d700000] [id=2000]
  0x000001fbf88b6070 GCTaskThread "GC Thread#5" [stack: 0x000000d85d100000,0x000000d85d200000] [id=1408]
  0x000001fbf76bed40 GCTaskThread "GC Thread#6" [stack: 0x000000d85e000000,0x000000d85e100000] [id=13740]
  0x000001fbf8d12fe0 GCTaskThread "GC Thread#7" [stack: 0x000000d85e100000,0x000000d85e200000] [id=15844]
  0x000001fbdb8d87a0 ConcurrentGCThread "G1 Main Marker" [stack: 0x000000d85c000000,0x000000d85c100000] [id=2588]
  0x000001fbdb8d91b0 ConcurrentGCThread "G1 Conc#0" [stack: 0x000000d85c100000,0x000000d85c200000] [id=8632]
  0x000001fbf8e49630 ConcurrentGCThread "G1 Conc#1" [stack: 0x000000d85e200000,0x000000d85e300000] [id=7084]
  0x000001fbdb93d750 ConcurrentGCThread "G1 Refine#0" [stack: 0x000000d85c200000,0x000000d85c300000] [id=3016]
  0x000001fbf5525230 ConcurrentGCThread "G1 Service" [stack: 0x000000d85c300000,0x000000d85c400000] [id=6612]

Threads with active compile tasks:
C2 CompilerThread0    10863 6843   !   4       com.google.common.reflect.TypeVisitor::visit (244 bytes)
C2 CompilerThread1    10863 7077 %     4       java.math.BigInteger::implSquareToLen @ 9 (154 bytes)
C2 CompilerThread2    10863 7023 % !   4       java.util.jar.Attributes::read @ 214 (494 bytes)

VM state: at safepoint (normal execution)

VM Mutex/Monitor currently owned by a thread:  ([mutex/lock_event])
[0x000001fbdb8630e0] Threads_lock - owner thread: 0x000001fbf56d0310
[0x000001fbdb861f70] Heap_lock - owner thread: 0x000001fbdb8d87a0

Heap address: 0x0000000080000000, size: 2048 MB, Compressed Oops mode: 32-bit

CDS archive(s) not mapped
Compressed class space mapped at: 0x0000000100000000-0x0000000140000000, reserved size: 1073741824
Narrow klass base: 0x0000000000000000, Narrow klass shift: 3, Narrow klass range: 0x140000000

GC Precious Log:
 CPUs: 8 total, 8 available
 Memory: 7942M
 Large Page Support: Disabled
 NUMA Support: Disabled
 Compressed Oops: Enabled (32-bit)
 Heap Region Size: 1M
 Heap Min Capacity: 8M
 Heap Initial Capacity: 126M
 Heap Max Capacity: 2G
 Pre-touch: Disabled
 Parallel Workers: 8
 Concurrent Workers: 2
 Concurrent Refinement Workers: 8
 Periodic GC: Disabled

Heap:
 garbage-first heap   total 151552K, used 101355K [0x0000000080000000, 0x0000000100000000)
  region size 1024K, 11 young (11264K), 3 survivors (3072K)
 Metaspace       used 75742K, committed 76544K, reserved 1122304K
  class space    used 10576K, committed 10944K, reserved 1048576K

Heap Regions: E=young(eden), S=young(survivor), O=old, HS=humongous(starts), HC=humongous(continues), CS=collection set, F=free, OA=open archive, CA=closed archive, TAMS=top-at-mark-start (previous, next)
|   0|0x0000000080000000, 0x0000000080100000, 0x0000000080100000|100%|HS|  |TAMS 0x0000000080100000, 0x0000000080000000| Complete 
|   1|0x0000000080100000, 0x0000000080200000, 0x0000000080200000|100%|HC|  |TAMS 0x0000000080200000, 0x0000000080100000| Complete 
|   2|0x0000000080200000, 0x0000000080300000, 0x0000000080300000|100%|HC|  |TAMS 0x0000000080300000, 0x0000000080200000| Complete 
|   3|0x0000000080300000, 0x0000000080400000, 0x0000000080400000|100%|HC|  |TAMS 0x0000000080400000, 0x0000000080300000| Complete 
|   4|0x0000000080400000, 0x0000000080500000, 0x0000000080500000|100%| O|  |TAMS 0x0000000080500000, 0x0000000080400000| Untracked 
|   5|0x0000000080500000, 0x0000000080600000, 0x0000000080600000|100%| O|  |TAMS 0x0000000080600000, 0x0000000080500000| Updating 
|   6|0x0000000080600000, 0x0000000080700000, 0x0000000080700000|100%| O|  |TAMS 0x0000000080700000, 0x0000000080600000| Untracked 
|   7|0x0000000080700000, 0x0000000080800000, 0x0000000080800000|100%| O|  |TAMS 0x0000000080800000, 0x0000000080700000| Untracked 
|   8|0x0000000080800000, 0x0000000080900000, 0x0000000080900000|100%| O|  |TAMS 0x0000000080900000, 0x0000000080800000| Untracked 
|   9|0x0000000080900000, 0x0000000080a00000, 0x0000000080a00000|100%| O|  |TAMS 0x0000000080a00000, 0x0000000080900000| Updating 
|  10|0x0000000080a00000, 0x0000000080b00000, 0x0000000080b00000|100%| O|  |TAMS 0x0000000080b00000, 0x0000000080a00000| Untracked 
|  11|0x0000000080b00000, 0x0000000080c00000, 0x0000000080c00000|100%|HS|  |TAMS 0x0000000080b00000, 0x0000000080b00000| Complete 
|  12|0x0000000080c00000, 0x0000000080d00000, 0x0000000080d00000|100%| O|  |TAMS 0x0000000080d00000, 0x0000000080c00000| Untracked 
|  13|0x0000000080d00000, 0x0000000080e00000, 0x0000000080e00000|100%| O|  |TAMS 0x0000000080e00000, 0x0000000080d00000| Untracked 
|  14|0x0000000080e00000, 0x0000000080f00000, 0x0000000080f00000|100%| O|  |TAMS 0x0000000080f00000, 0x0000000080e00000| Untracked 
|  15|0x0000000080f00000, 0x0000000081000000, 0x0000000081000000|100%| O|  |TAMS 0x0000000081000000, 0x0000000080f00000| Untracked 
|  16|0x0000000081000000, 0x0000000081100000, 0x0000000081100000|100%| O|  |TAMS 0x0000000081100000, 0x0000000081000000| Untracked 
|  17|0x0000000081100000, 0x0000000081200000, 0x0000000081200000|100%| O|  |TAMS 0x0000000081200000, 0x0000000081100000| Untracked 
|  18|0x0000000081200000, 0x0000000081300000, 0x0000000081300000|100%| O|  |TAMS 0x0000000081300000, 0x0000000081200000| Untracked 
|  19|0x0000000081300000, 0x0000000081400000, 0x0000000081400000|100%|HS|  |TAMS 0x0000000081400000, 0x0000000081300000| Complete 
|  20|0x0000000081400000, 0x0000000081500000, 0x0000000081500000|100%|HC|  |TAMS 0x0000000081500000, 0x0000000081400000| Complete 
|  21|0x0000000081500000, 0x0000000081600000, 0x0000000081600000|100%|HS|  |TAMS 0x0000000081600000, 0x0000000081500000| Complete 
|  22|0x0000000081600000, 0x0000000081700000, 0x0000000081700000|100%|HC|  |TAMS 0x0000000081700000, 0x0000000081600000| Complete 
|  23|0x0000000081700000, 0x0000000081800000, 0x0000000081800000|100%|HC|  |TAMS 0x0000000081800000, 0x0000000081700000| Complete 
|  24|0x0000000081800000, 0x0000000081900000, 0x0000000081900000|100%| O|  |TAMS 0x0000000081900000, 0x0000000081800000| Untracked 
|  25|0x0000000081900000, 0x0000000081a00000, 0x0000000081a00000|100%| O|  |TAMS 0x0000000081a00000, 0x0000000081900000| Untracked 
|  26|0x0000000081a00000, 0x0000000081b00000, 0x0000000081b00000|100%| O|  |TAMS 0x0000000081b00000, 0x0000000081a00000| Untracked 
|  27|0x0000000081b00000, 0x0000000081c00000, 0x0000000081c00000|100%| O|  |TAMS 0x0000000081c00000, 0x0000000081b00000| Updating 
|  28|0x0000000081c00000, 0x0000000081d00000, 0x0000000081d00000|100%|HS|  |TAMS 0x0000000081d00000, 0x0000000081c00000| Complete 
|  29|0x0000000081d00000, 0x0000000081e00000, 0x0000000081e00000|100%|HC|  |TAMS 0x0000000081e00000, 0x0000000081d00000| Complete 
|  30|0x0000000081e00000, 0x0000000081f00000, 0x0000000081f00000|100%|HC|  |TAMS 0x0000000081f00000, 0x0000000081e00000| Complete 
|  31|0x0000000081f00000, 0x0000000082000000, 0x0000000082000000|100%| O|  |TAMS 0x0000000082000000, 0x0000000081f00000| Updating 
|  32|0x0000000082000000, 0x0000000082100000, 0x0000000082100000|100%| O|  |TAMS 0x0000000082100000, 0x0000000082000000| Updating 
|  33|0x0000000082100000, 0x0000000082200000, 0x0000000082200000|100%|HS|  |TAMS 0x0000000082200000, 0x0000000082100000| Complete 
|  34|0x0000000082200000, 0x0000000082300000, 0x0000000082300000|100%|HC|  |TAMS 0x0000000082300000, 0x0000000082200000| Complete 
|  35|0x0000000082300000, 0x0000000082400000, 0x0000000082400000|100%|HC|  |TAMS 0x0000000082400000, 0x0000000082300000| Complete 
|  36|0x0000000082400000, 0x0000000082500000, 0x0000000082500000|100%|HC|  |TAMS 0x0000000082500000, 0x0000000082400000| Complete 
|  37|0x0000000082500000, 0x0000000082600000, 0x0000000082600000|100%|HC|  |TAMS 0x0000000082600000, 0x0000000082500000| Complete 
|  38|0x0000000082600000, 0x0000000082700000, 0x0000000082700000|100%|HC|  |TAMS 0x0000000082700000, 0x0000000082600000| Complete 
|  39|0x0000000082700000, 0x0000000082800000, 0x0000000082800000|100%|HC|  |TAMS 0x0000000082800000, 0x0000000082700000| Complete 
|  40|0x0000000082800000, 0x0000000082900000, 0x0000000082900000|100%|HC|  |TAMS 0x0000000082900000, 0x0000000082800000| Complete 
|  41|0x0000000082900000, 0x0000000082a00000, 0x0000000082a00000|100%|HC|  |TAMS 0x0000000082a00000, 0x0000000082900000| Complete 
|  42|0x0000000082a00000, 0x0000000082b00000, 0x0000000082b00000|100%|HC|  |TAMS 0x0000000082b00000, 0x0000000082a00000| Complete 
|  43|0x0000000082b00000, 0x0000000082c00000, 0x0000000082c00000|100%|HC|  |TAMS 0x0000000082c00000, 0x0000000082b00000| Complete 
|  44|0x0000000082c00000, 0x0000000082d00000, 0x0000000082d00000|100%|HC|  |TAMS 0x0000000082d00000, 0x0000000082c00000| Complete 
|  45|0x0000000082d00000, 0x0000000082e00000, 0x0000000082e00000|100%|HS|  |TAMS 0x0000000082e00000, 0x0000000082d00000| Complete 
|  46|0x0000000082e00000, 0x0000000082f00000, 0x0000000082f00000|100%|HC|  |TAMS 0x0000000082f00000, 0x0000000082e00000| Complete 
|  47|0x0000000082f00000, 0x0000000083000000, 0x0000000083000000|100%| O|  |TAMS 0x0000000083000000, 0x0000000082f00000| Untracked 
|  48|0x0000000083000000, 0x0000000083100000, 0x0000000083100000|100%| O|  |TAMS 0x0000000083100000, 0x0000000083000000| Untracked 
|  49|0x0000000083100000, 0x0000000083200000, 0x0000000083200000|100%| O|  |TAMS 0x0000000083200000, 0x0000000083100000| Untracked 
|  50|0x0000000083200000, 0x0000000083300000, 0x0000000083300000|100%| O|  |TAMS 0x0000000083300000, 0x0000000083200000| Untracked 
|  51|0x0000000083300000, 0x0000000083400000, 0x0000000083400000|100%| O|  |TAMS 0x0000000083400000, 0x0000000083300000| Untracked 
|  52|0x0000000083400000, 0x0000000083500000, 0x0000000083500000|100%| O|  |TAMS 0x0000000083500000, 0x0000000083400000| Updating 
|  53|0x0000000083500000, 0x0000000083600000, 0x0000000083600000|100%| O|  |TAMS 0x0000000083600000, 0x0000000083500000| Updating 
|  54|0x0000000083600000, 0x0000000083700000, 0x0000000083700000|100%| O|  |TAMS 0x0000000083700000, 0x0000000083600000| Updating 
|  55|0x0000000083700000, 0x0000000083800000, 0x0000000083800000|100%|HS|  |TAMS 0x0000000083800000, 0x0000000083700000| Complete 
|  56|0x0000000083800000, 0x0000000083900000, 0x0000000083900000|100%|HC|  |TAMS 0x0000000083900000, 0x0000000083800000| Complete 
|  57|0x0000000083900000, 0x0000000083a00000, 0x0000000083a00000|100%|HC|  |TAMS 0x0000000083a00000, 0x0000000083900000| Complete 
|  58|0x0000000083a00000, 0x0000000083b00000, 0x0000000083b00000|100%| O|  |TAMS 0x0000000083b00000, 0x0000000083a00000| Untracked 
|  59|0x0000000083b00000, 0x0000000083c00000, 0x0000000083c00000|100%| O|  |TAMS 0x0000000083c00000, 0x0000000083b00000| Untracked 
|  60|0x0000000083c00000, 0x0000000083d00000, 0x0000000083d00000|100%| O|  |TAMS 0x0000000083d00000, 0x0000000083c00000| Untracked 
|  61|0x0000000083d00000, 0x0000000083e00000, 0x0000000083e00000|100%|HS|  |TAMS 0x0000000083e00000, 0x0000000083d00000| Complete 
|  62|0x0000000083e00000, 0x0000000083f00000, 0x0000000083f00000|100%|HC|  |TAMS 0x0000000083f00000, 0x0000000083e00000| Complete 
|  63|0x0000000083f00000, 0x0000000084000000, 0x0000000084000000|100%|HC|  |TAMS 0x0000000084000000, 0x0000000083f00000| Complete 
|  64|0x0000000084000000, 0x0000000084100000, 0x0000000084100000|100%| O|  |TAMS 0x0000000084100000, 0x0000000084000000| Untracked 
|  65|0x0000000084100000, 0x0000000084200000, 0x0000000084200000|100%| O|  |TAMS 0x0000000084200000, 0x0000000084100000| Untracked 
|  66|0x0000000084200000, 0x0000000084300000, 0x0000000084300000|100%| O|  |TAMS 0x0000000084300000, 0x0000000084200000| Untracked 
|  67|0x0000000084300000, 0x0000000084400000, 0x0000000084400000|100%| O|  |TAMS 0x0000000084400000, 0x0000000084300000| Untracked 
|  68|0x0000000084400000, 0x0000000084500000, 0x0000000084500000|100%| O|  |TAMS 0x0000000084500000, 0x0000000084400000| Untracked 
|  69|0x0000000084500000, 0x0000000084600000, 0x0000000084600000|100%| O|  |TAMS 0x0000000084600000, 0x0000000084500000| Untracked 
|  70|0x0000000084600000, 0x0000000084700000, 0x0000000084700000|100%| O|  |TAMS 0x0000000084700000, 0x0000000084600000| Untracked 
|  71|0x0000000084700000, 0x0000000084800000, 0x0000000084800000|100%| O|  |TAMS 0x0000000084800000, 0x0000000084700000| Untracked 
|  72|0x0000000084800000, 0x0000000084900000, 0x0000000084900000|100%| O|  |TAMS 0x0000000084900000, 0x0000000084800000| Untracked 
|  73|0x0000000084900000, 0x0000000084a00000, 0x0000000084a00000|100%| O|  |TAMS 0x0000000084a00000, 0x0000000084900000| Updating 
|  74|0x0000000084a00000, 0x0000000084b00000, 0x0000000084b00000|100%|HS|  |TAMS 0x0000000084b00000, 0x0000000084a00000| Complete 
|  75|0x0000000084b00000, 0x0000000084c00000, 0x0000000084c00000|100%|HS|  |TAMS 0x0000000084c00000, 0x0000000084b00000| Complete 
|  76|0x0000000084c00000, 0x0000000084d00000, 0x0000000084d00000|100%|HS|  |TAMS 0x0000000084d00000, 0x0000000084c00000| Complete 
|  77|0x0000000084d00000, 0x0000000084e00000, 0x0000000084e00000|100%| O|  |TAMS 0x0000000084e00000, 0x0000000084d00000| Untracked 
|  78|0x0000000084e00000, 0x0000000084f00000, 0x0000000084f00000|100%| O|  |TAMS 0x0000000084f00000, 0x0000000084e00000| Untracked 
|  79|0x0000000084f00000, 0x0000000085000000, 0x0000000085000000|100%| O|  |TAMS 0x0000000085000000, 0x0000000084f00000| Untracked 
|  80|0x0000000085000000, 0x0000000085100000, 0x0000000085100000|100%| O|  |TAMS 0x0000000085100000, 0x0000000085000000| Updating 
|  81|0x0000000085100000, 0x0000000085200000, 0x0000000085200000|100%| O|  |TAMS 0x0000000085200000, 0x0000000085100000| Updating 
|  82|0x0000000085200000, 0x0000000085300000, 0x0000000085300000|100%| O|  |TAMS 0x0000000085300000, 0x0000000085200000| Untracked 
|  83|0x0000000085300000, 0x0000000085400000, 0x0000000085400000|100%| O|  |TAMS 0x0000000085400000, 0x0000000085300000| Untracked 
|  84|0x0000000085400000, 0x0000000085500000, 0x0000000085500000|100%| O|  |TAMS 0x0000000085500000, 0x0000000085400000| Untracked 
|  85|0x0000000085500000, 0x0000000085600000, 0x0000000085600000|100%| O|  |TAMS 0x0000000085600000, 0x0000000085500000| Untracked 
|  86|0x0000000085600000, 0x0000000085665200, 0x0000000085700000| 39%| O|  |TAMS 0x0000000085665200, 0x0000000085600000| Updating 
|  87|0x0000000085700000, 0x0000000085800000, 0x0000000085800000|100%|HS|  |TAMS 0x0000000085700000, 0x0000000085700000| Complete 
|  88|0x0000000085800000, 0x0000000085900000, 0x0000000085900000|100%|HS|  |TAMS 0x0000000085800000, 0x0000000085800000| Complete 
|  89|0x0000000085900000, 0x0000000085a00000, 0x0000000085a00000|100%|HS|  |TAMS 0x0000000085900000, 0x0000000085900000| Complete 
|  90|0x0000000085a00000, 0x0000000085a00000, 0x0000000085b00000|  0%| F|  |TAMS 0x0000000085a00000, 0x0000000085a00000| Untracked 
|  91|0x0000000085b00000, 0x0000000085b00000, 0x0000000085c00000|  0%| F|  |TAMS 0x0000000085b00000, 0x0000000085b00000| Untracked 
|  92|0x0000000085c00000, 0x0000000085c00000, 0x0000000085d00000|  0%| F|  |TAMS 0x0000000085c00000, 0x0000000085c00000| Untracked 
|  93|0x0000000085d00000, 0x0000000085d00000, 0x0000000085e00000|  0%| F|  |TAMS 0x0000000085d00000, 0x0000000085d00000| Untracked 
|  94|0x0000000085e00000, 0x0000000085e00000, 0x0000000085f00000|  0%| F|  |TAMS 0x0000000085e00000, 0x0000000085e00000| Untracked 
|  95|0x0000000085f00000, 0x0000000085f00000, 0x0000000086000000|  0%| F|  |TAMS 0x0000000085f00000, 0x0000000085f00000| Untracked 
|  96|0x0000000086000000, 0x0000000086000000, 0x0000000086100000|  0%| F|  |TAMS 0x0000000086000000, 0x0000000086000000| Untracked 
|  97|0x0000000086100000, 0x0000000086100000, 0x0000000086200000|  0%| F|  |TAMS 0x0000000086100000, 0x0000000086100000| Untracked 
|  98|0x0000000086200000, 0x0000000086200000, 0x0000000086300000|  0%| F|  |TAMS 0x0000000086200000, 0x0000000086200000| Untracked 
|  99|0x0000000086300000, 0x0000000086300000, 0x0000000086400000|  0%| F|  |TAMS 0x0000000086300000, 0x0000000086300000| Untracked 
| 100|0x0000000086400000, 0x0000000086400000, 0x0000000086500000|  0%| F|  |TAMS 0x0000000086400000, 0x0000000086400000| Untracked 
| 101|0x0000000086500000, 0x0000000086500000, 0x0000000086600000|  0%| F|  |TAMS 0x0000000086500000, 0x0000000086500000| Untracked 
| 102|0x0000000086600000, 0x0000000086600000, 0x0000000086700000|  0%| F|  |TAMS 0x0000000086600000, 0x0000000086600000| Untracked 
| 103|0x0000000086700000, 0x0000000086700000, 0x0000000086800000|  0%| F|  |TAMS 0x0000000086700000, 0x0000000086700000| Untracked 
| 104|0x0000000086800000, 0x0000000086800000, 0x0000000086900000|  0%| F|  |TAMS 0x0000000086800000, 0x0000000086800000| Untracked 
| 105|0x0000000086900000, 0x0000000086900000, 0x0000000086a00000|  0%| F|  |TAMS 0x0000000086900000, 0x0000000086900000| Untracked 
| 106|0x0000000086a00000, 0x0000000086a00000, 0x0000000086b00000|  0%| F|  |TAMS 0x0000000086a00000, 0x0000000086a00000| Untracked 
| 107|0x0000000086b00000, 0x0000000086b00000, 0x0000000086c00000|  0%| F|  |TAMS 0x0000000086b00000, 0x0000000086b00000| Untracked 
| 108|0x0000000086c00000, 0x0000000086c00000, 0x0000000086d00000|  0%| F|  |TAMS 0x0000000086c00000, 0x0000000086c00000| Untracked 
| 109|0x0000000086d00000, 0x0000000086d00000, 0x0000000086e00000|  0%| F|  |TAMS 0x0000000086d00000, 0x0000000086d00000| Untracked 
| 110|0x0000000086e00000, 0x0000000086e00000, 0x0000000086f00000|  0%| F|  |TAMS 0x0000000086e00000, 0x0000000086e00000| Untracked 
| 111|0x0000000086f00000, 0x0000000086f00000, 0x0000000087000000|  0%| F|  |TAMS 0x0000000086f00000, 0x0000000086f00000| Untracked 
| 112|0x0000000087000000, 0x0000000087095b70, 0x0000000087100000| 58%| S|CS|TAMS 0x0000000087000000, 0x0000000087000000| Complete 
| 113|0x0000000087100000, 0x0000000087200000, 0x0000000087200000|100%| S|CS|TAMS 0x0000000087100000, 0x0000000087100000| Complete 
| 114|0x0000000087200000, 0x0000000087300000, 0x0000000087300000|100%| S|CS|TAMS 0x0000000087200000, 0x0000000087200000| Complete 
| 115|0x0000000087300000, 0x0000000087300000, 0x0000000087400000|  0%| F|  |TAMS 0x0000000087300000, 0x0000000087300000| Untracked 
| 116|0x0000000087400000, 0x0000000087400000, 0x0000000087500000|  0%| F|  |TAMS 0x0000000087400000, 0x0000000087400000| Untracked 
| 117|0x0000000087500000, 0x0000000087500000, 0x0000000087600000|  0%| F|  |TAMS 0x0000000087500000, 0x0000000087500000| Untracked 
| 118|0x0000000087600000, 0x0000000087600000, 0x0000000087700000|  0%| F|  |TAMS 0x0000000087600000, 0x0000000087600000| Untracked 
| 119|0x0000000087700000, 0x0000000087700000, 0x0000000087800000|  0%| F|  |TAMS 0x0000000087700000, 0x0000000087700000| Untracked 
| 120|0x0000000087800000, 0x0000000087800000, 0x0000000087900000|  0%| F|  |TAMS 0x0000000087800000, 0x0000000087800000| Untracked 
| 121|0x0000000087900000, 0x0000000087900000, 0x0000000087a00000|  0%| F|  |TAMS 0x0000000087900000, 0x0000000087900000| Untracked 
| 122|0x0000000087a00000, 0x0000000087a00000, 0x0000000087b00000|  0%| F|  |TAMS 0x0000000087a00000, 0x0000000087a00000| Untracked 
| 123|0x0000000087b00000, 0x0000000087b00000, 0x0000000087c00000|  0%| F|  |TAMS 0x0000000087b00000, 0x0000000087b00000| Untracked 
| 124|0x0000000087c00000, 0x0000000087c00000, 0x0000000087d00000|  0%| F|  |TAMS 0x0000000087c00000, 0x0000000087c00000| Untracked 
| 125|0x0000000087d00000, 0x0000000087d00000, 0x0000000087e00000|  0%| F|  |TAMS 0x0000000087d00000, 0x0000000087d00000| Untracked 
| 126|0x0000000087e00000, 0x0000000087e00000, 0x0000000087f00000|  0%| F|  |TAMS 0x0000000087e00000, 0x0000000087e00000| Untracked 
| 127|0x0000000087f00000, 0x0000000087f00000, 0x0000000088000000|  0%| F|  |TAMS 0x0000000087f00000, 0x0000000087f00000| Untracked 
| 128|0x0000000088000000, 0x0000000088000000, 0x0000000088100000|  0%| F|  |TAMS 0x0000000088000000, 0x0000000088000000| Untracked 
| 129|0x0000000088100000, 0x0000000088100000, 0x0000000088200000|  0%| F|  |TAMS 0x0000000088100000, 0x0000000088100000| Untracked 
| 130|0x0000000088200000, 0x0000000088200000, 0x0000000088300000|  0%| F|  |TAMS 0x0000000088200000, 0x0000000088200000| Untracked 
| 131|0x0000000088300000, 0x0000000088300000, 0x0000000088400000|  0%| F|  |TAMS 0x0000000088300000, 0x0000000088300000| Untracked 
| 132|0x0000000088400000, 0x0000000088400000, 0x0000000088500000|  0%| F|  |TAMS 0x0000000088400000, 0x0000000088400000| Untracked 
| 133|0x0000000088500000, 0x0000000088500000, 0x0000000088600000|  0%| F|  |TAMS 0x0000000088500000, 0x0000000088500000| Untracked 
| 134|0x0000000088600000, 0x0000000088600000, 0x0000000088700000|  0%| F|  |TAMS 0x0000000088600000, 0x0000000088600000| Untracked 
| 135|0x0000000088700000, 0x0000000088700000, 0x0000000088800000|  0%| F|  |TAMS 0x0000000088700000, 0x0000000088700000| Untracked 
| 136|0x0000000088800000, 0x0000000088800000, 0x0000000088900000|  0%| F|  |TAMS 0x0000000088800000, 0x0000000088800000| Untracked 
| 137|0x0000000088900000, 0x0000000088900000, 0x0000000088a00000|  0%| F|  |TAMS 0x0000000088900000, 0x0000000088900000| Untracked 
| 138|0x0000000088a00000, 0x0000000088a00000, 0x0000000088b00000|  0%| F|  |TAMS 0x0000000088a00000, 0x0000000088a00000| Untracked 
| 139|0x0000000088b00000, 0x0000000088b00000, 0x0000000088c00000|  0%| F|  |TAMS 0x0000000088b00000, 0x0000000088b00000| Untracked 
| 140|0x0000000088c00000, 0x0000000088c80800, 0x0000000088d00000| 50%| E|  |TAMS 0x0000000088c00000, 0x0000000088c00000| Complete 
| 141|0x0000000088d00000, 0x0000000088e00000, 0x0000000088e00000|100%| E|CS|TAMS 0x0000000088d00000, 0x0000000088d00000| Complete 
| 142|0x0000000088e00000, 0x0000000088f00000, 0x0000000088f00000|100%| E|CS|TAMS 0x0000000088e00000, 0x0000000088e00000| Complete 
| 143|0x0000000088f00000, 0x0000000089000000, 0x0000000089000000|100%| E|CS|TAMS 0x0000000088f00000, 0x0000000088f00000| Complete 
| 144|0x0000000089000000, 0x0000000089100000, 0x0000000089100000|100%| E|CS|TAMS 0x0000000089000000, 0x0000000089000000| Complete 
| 145|0x0000000089100000, 0x0000000089200000, 0x0000000089200000|100%| E|CS|TAMS 0x0000000089100000, 0x0000000089100000| Complete 
| 146|0x0000000089200000, 0x0000000089300000, 0x0000000089300000|100%| E|CS|TAMS 0x0000000089200000, 0x0000000089200000| Complete 
| 147|0x0000000089300000, 0x0000000089400000, 0x0000000089400000|100%| E|CS|TAMS 0x0000000089300000, 0x0000000089300000| Complete 

Card table byte_map: [0x000001fbee470000,0x000001fbee870000] _byte_map_base: 0x000001fbee070000

Marking Bits (Prev, Next): (CMBitMap*) 0x000001fbdb8c7710, (CMBitMap*) 0x000001fbdb8c76d0
 Prev Bits: [0x000001fbf0c70000, 0x000001fbf2c70000)
 Next Bits: [0x000001fbeec70000, 0x000001fbf0c70000)

Polling page: 0x000001fbd9810000

Metaspace:

Usage:
  Non-class:     63.64 MB used.
      Class:     10.33 MB used.
       Both:     73.97 MB used.

Virtual space:
  Non-class space:       72.00 MB reserved,      64.06 MB ( 89%) committed,  9 nodes.
      Class space:        1.00 GB reserved,      10.69 MB (  1%) committed,  1 nodes.
             Both:        1.07 GB reserved,      74.75 MB (  7%) committed. 

Chunk freelists:
   Non-Class:  3.98 MB
       Class:  1.35 MB
        Both:  5.33 MB

MaxMetaspaceSize: unlimited
CompressedClassSpaceSize: 1.00 GB
Initial GC threshold: 21.00 MB
Current GC threshold: 107.81 MB
CDS: off
MetaspaceReclaimPolicy: balanced
 - commit_granule_bytes: 65536.
 - commit_granule_words: 8192.
 - virtual_space_node_default_size: 1048576.
 - enlarge_chunks_in_place: 1.
 - new_chunks_are_fully_committed: 0.
 - uncommit_free_chunks: 1.
 - use_allocation_guard: 0.
 - handle_deallocations: 1.


Internal statistics:

num_allocs_failed_limit: 3.
num_arena_births: 876.
num_arena_deaths: 0.
num_vsnodes_births: 10.
num_vsnodes_deaths: 0.
num_space_committed: 1196.
num_space_uncommitted: 0.
num_chunks_returned_to_freelist: 3.
num_chunks_taken_from_freelist: 3336.
num_chunk_merges: 3.
num_chunk_splits: 2225.
num_chunks_enlarged: 1511.
num_purges: 0.
num_inconsistent_stats: 0.

CodeHeap 'non-profiled nmethods': size=120000Kb used=3780Kb max_used=3780Kb free=116219Kb
 bounds [0x000001fbe6810000, 0x000001fbe6bd0000, 0x000001fbedd40000]
CodeHeap 'profiled nmethods': size=120000Kb used=12251Kb max_used=12251Kb free=107748Kb
 bounds [0x000001fbded40000, 0x000001fbdf940000, 0x000001fbe6270000]
CodeHeap 'non-nmethods': size=5760Kb used=2399Kb max_used=2477Kb free=3360Kb
 bounds [0x000001fbe6270000, 0x000001fbe64f0000, 0x000001fbe6810000]
 total_blobs=7246 nmethods=6318 adapters=840
 compilation: enabled
              stopped_count=0, restarted_count=0
 full_count=0

Compilation events (20 events):
Event: 10.804 Thread 0x000001fbf601fb90 7074       3       java.math.BigInteger::implMontgomerySquare (19 bytes)
Event: 10.804 Thread 0x000001fbf601fb90 nmethod 7074 0x000001fbdf931110 code [0x000001fbdf9312c0, 0x000001fbdf931438]
Event: 10.804 Thread 0x000001fbf601fb90 7075       3       java.math.BigInteger::multiplyToLenCheck (28 bytes)
Event: 10.804 Thread 0x000001fbf601fb90 nmethod 7075 0x000001fbdf931510 code [0x000001fbdf9316e0, 0x000001fbdf931a78]
Event: 10.811 Thread 0x000001fbf601fb90 7079       3       java.math.MutableBigInteger::divWord (108 bytes)
Event: 10.811 Thread 0x000001fbf601fb90 nmethod 7079 0x000001fbdf931c10 code [0x000001fbdf931dc0, 0x000001fbdf932138]
Event: 10.811 Thread 0x000001fbf601fb90 7080   !   3       sun.security.x509.AlgorithmId::getName (113 bytes)
Event: 10.812 Thread 0x000001fbf7115680 nmethod 7062 0x000001fbe6bbfc90 code [0x000001fbe6bbfe40, 0x000001fbe6bc0648]
Event: 10.812 Thread 0x000001fbf7115680 7076 %     4       java.math.BigInteger::shiftLeftImplWorker @ 9 (43 bytes)
Event: 10.812 Thread 0x000001fbf601fb90 nmethod 7080 0x000001fbdf932290 code [0x000001fbdf932580, 0x000001fbdf933178]
Event: 10.813 Thread 0x000001fbf601fb90 7081       3       sun.security.util.SignatureFileVerifier::updateSigners (132 bytes)
Event: 10.814 Thread 0x000001fbf601fb90 nmethod 7081 0x000001fbdf933710 code [0x000001fbdf9339c0, 0x000001fbdf934b38]
Event: 10.814 Thread 0x000001fbf601fb90 7082       3       sun.security.util.SignatureFileVerifier::matches (93 bytes)
Event: 10.814 Thread 0x000001fbf601fb90 nmethod 7082 0x000001fbdf935190 code [0x000001fbdf9353c0, 0x000001fbdf935c78]
Event: 10.814 Thread 0x000001fbf601fb90 7083       3       sun.security.util.SecurityProviderConstants::getAliases (65 bytes)
Event: 10.815 Thread 0x000001fbf601fb90 nmethod 7083 0x000001fbdf935f90 code [0x000001fbdf936200, 0x000001fbdf936ae8]
Event: 10.820 Thread 0x000001fbf7115680 nmethod 7076% 0x000001fbe6bc0b10 code [0x000001fbe6bc0ca0, 0x000001fbe6bc11d8]
Event: 10.820 Thread 0x000001fbf7115680 7077 %     4       java.math.BigInteger::implSquareToLen @ 9 (154 bytes)
Event: 10.834 Thread 0x000001fbf601fb90 7090  s    3       java.io.ByteArrayInputStream::read (36 bytes)
Event: 10.834 Thread 0x000001fbf601fb90 nmethod 7090 0x000001fbdf1a4a90 code [0x000001fbdf1a4c40, 0x000001fbdf1a4e98]

GC Heap History (20 events):
Event: 6.286 GC heap before
{Heap before GC invocations=18 (full 0):
 garbage-first heap   total 125952K, used 69109K [0x0000000080000000, 0x0000000100000000)
  region size 1024K, 14 young (14336K), 2 survivors (2048K)
 Metaspace       used 46077K, committed 46528K, reserved 1089536K
  class space    used 6126K, committed 6336K, reserved 1048576K
}
Event: 6.290 GC heap after
{Heap after GC invocations=19 (full 0):
 garbage-first heap   total 125952K, used 59388K [0x0000000080000000, 0x0000000100000000)
  region size 1024K, 3 young (3072K), 3 survivors (3072K)
 Metaspace       used 46077K, committed 46528K, reserved 1089536K
  class space    used 6126K, committed 6336K, reserved 1048576K
}
Event: 6.335 GC heap before
{Heap before GC invocations=20 (full 0):
 garbage-first heap   total 125952K, used 62460K [0x0000000080000000, 0x0000000100000000)
  region size 1024K, 4 young (4096K), 3 survivors (3072K)
 Metaspace       used 46077K, committed 46528K, reserved 1089536K
  class space    used 6126K, committed 6336K, reserved 1048576K
}
Event: 6.337 GC heap after
{Heap after GC invocations=21 (full 0):
 garbage-first heap   total 125952K, used 62991K [0x0000000080000000, 0x0000000100000000)
  region size 1024K, 3 young (3072K), 3 survivors (3072K)
 Metaspace       used 46077K, committed 46528K, reserved 1089536K
  class space    used 6126K, committed 6336K, reserved 1048576K
}
Event: 6.446 GC heap before
{Heap before GC invocations=22 (full 0):
 garbage-first heap   total 125952K, used 75279K [0x0000000080000000, 0x0000000100000000)
  region size 1024K, 14 young (14336K), 3 survivors (3072K)
 Metaspace       used 46800K, committed 47232K, reserved 1097728K
  class space    used 6208K, committed 6400K, reserved 1048576K
}
Event: 6.448 GC heap after
{Heap after GC invocations=23 (full 0):
 garbage-first heap   total 125952K, used 67822K [0x0000000080000000, 0x0000000100000000)
  region size 1024K, 4 young (4096K), 4 survivors (4096K)
 Metaspace       used 46800K, committed 47232K, reserved 1097728K
  class space    used 6208K, committed 6400K, reserved 1048576K
}
Event: 6.755 GC heap before
{Heap before GC invocations=24 (full 0):
 garbage-first heap   total 125952K, used 94446K [0x0000000080000000, 0x0000000100000000)
  region size 1024K, 29 young (29696K), 4 survivors (4096K)
 Metaspace       used 49095K, committed 49600K, reserved 1097728K
  class space    used 6441K, committed 6656K, reserved 1048576K
}
Event: 6.758 GC heap after
{Heap after GC invocations=25 (full 0):
 garbage-first heap   total 125952K, used 68881K [0x0000000080000000, 0x0000000100000000)
  region size 1024K, 3 young (3072K), 3 survivors (3072K)
 Metaspace       used 49095K, committed 49600K, reserved 1097728K
  class space    used 6441K, committed 6656K, reserved 1048576K
}
Event: 7.194 GC heap before
{Heap before GC invocations=25 (full 0):
 garbage-first heap   total 125952K, used 96529K [0x0000000080000000, 0x0000000100000000)
  region size 1024K, 30 young (30720K), 3 survivors (3072K)
 Metaspace       used 52147K, committed 52736K, reserved 1097728K
  class space    used 6985K, committed 7232K, reserved 1048576K
}
Event: 7.197 GC heap after
{Heap after GC invocations=26 (full 0):
 garbage-first heap   total 151552K, used 71327K [0x0000000080000000, 0x0000000100000000)
  region size 1024K, 4 young (4096K), 4 survivors (4096K)
 Metaspace       used 52147K, committed 52736K, reserved 1097728K
  class space    used 6985K, committed 7232K, reserved 1048576K
}
Event: 8.985 GC heap before
{Heap before GC invocations=27 (full 0):
 garbage-first heap   total 151552K, used 114335K [0x0000000080000000, 0x0000000100000000)
  region size 1024K, 46 young (47104K), 4 survivors (4096K)
 Metaspace       used 59097K, committed 59712K, reserved 1105920K
  class space    used 7911K, committed 8192K, reserved 1048576K
}
Event: 8.990 GC heap after
{Heap after GC invocations=28 (full 0):
 garbage-first heap   total 151552K, used 75293K [0x0000000080000000, 0x0000000100000000)
  region size 1024K, 6 young (6144K), 6 survivors (6144K)
 Metaspace       used 59097K, committed 59712K, reserved 1105920K
  class space    used 7911K, committed 8192K, reserved 1048576K
}
Event: 9.767 GC heap before
{Heap before GC invocations=28 (full 0):
 garbage-first heap   total 151552K, used 117277K [0x0000000080000000, 0x0000000100000000)
  region size 1024K, 48 young (49152K), 6 survivors (6144K)
 Metaspace       used 65209K, committed 65856K, reserved 1105920K
  class space    used 9021K, committed 9280K, reserved 1048576K
}
Event: 9.772 GC heap after
{Heap after GC invocations=29 (full 0):
 garbage-first heap   total 151552K, used 78322K [0x0000000080000000, 0x0000000100000000)
  region size 1024K, 4 young (4096K), 4 survivors (4096K)
 Metaspace       used 65209K, committed 65856K, reserved 1105920K
  class space    used 9021K, committed 9280K, reserved 1048576K
}
Event: 10.366 GC heap before
{Heap before GC invocations=30 (full 0):
 garbage-first heap   total 151552K, used 123378K [0x0000000080000000, 0x0000000100000000)
  region size 1024K, 44 young (45056K), 4 survivors (4096K)
 Metaspace       used 70209K, committed 70848K, reserved 1114112K
  class space    used 9869K, committed 10176K, reserved 1048576K
}
Event: 10.369 GC heap after
{Heap after GC invocations=31 (full 0):
 garbage-first heap   total 151552K, used 87219K [0x0000000080000000, 0x0000000100000000)
  region size 1024K, 6 young (6144K), 6 survivors (6144K)
 Metaspace       used 70209K, committed 70848K, reserved 1114112K
  class space    used 9869K, committed 10176K, reserved 1048576K
}
Event: 10.380 GC heap before
{Heap before GC invocations=31 (full 0):
 garbage-first heap   total 151552K, used 87219K [0x0000000080000000, 0x0000000100000000)
  region size 1024K, 7 young (7168K), 6 survivors (6144K)
 Metaspace       used 70299K, committed 70976K, reserved 1114112K
  class space    used 9878K, committed 10240K, reserved 1048576K
}
Event: 10.384 GC heap after
{Heap after GC invocations=32 (full 0):
 garbage-first heap   total 151552K, used 88146K [0x0000000080000000, 0x0000000100000000)
  region size 1024K, 1 young (1024K), 1 survivors (1024K)
 Metaspace       used 70299K, committed 70976K, reserved 1114112K
  class space    used 9878K, committed 10240K, reserved 1048576K
}
Event: 10.794 GC heap before
{Heap before GC invocations=32 (full 0):
 garbage-first heap   total 151552K, used 120914K [0x0000000080000000, 0x0000000100000000)
  region size 1024K, 33 young (33792K), 1 survivors (1024K)
 Metaspace       used 75692K, committed 76416K, reserved 1114112K
  class space    used 10571K, committed 10944K, reserved 1048576K
}
Event: 10.796 GC heap after
{Heap after GC invocations=33 (full 0):
 garbage-first heap   total 151552K, used 90091K [0x0000000080000000, 0x0000000100000000)
  region size 1024K, 3 young (3072K), 3 survivors (3072K)
 Metaspace       used 75692K, committed 76416K, reserved 1114112K
  class space    used 10571K, committed 10944K, reserved 1048576K
}

Dll operation events (2 events):
Event: 0.073 Loaded shared library D:\AndroidStudio\jbr\bin\java.dll
Event: 0.554 Loaded shared library D:\AndroidStudio\jbr\bin\verify.dll

Deoptimization events (20 events):
Event: 10.833 Thread 0x000001fbf664e720 DEOPT PACKING pc=0x000001fbdf916680 sp=0x000000d85dcf2230
Event: 10.833 Thread 0x000001fbf664e720 DEOPT UNPACKING pc=0x000001fbe62c7143 sp=0x000000d85dcf16a0 mode 0
Event: 10.834 Thread 0x000001fbf664e720 DEOPT PACKING pc=0x000001fbdf916680 sp=0x000000d85dcf2230
Event: 10.834 Thread 0x000001fbf664e720 DEOPT UNPACKING pc=0x000001fbe62c7143 sp=0x000000d85dcf16a0 mode 0
Event: 10.834 Thread 0x000001fbf664e720 DEOPT PACKING pc=0x000001fbdf916680 sp=0x000000d85dcf2230
Event: 10.834 Thread 0x000001fbf664e720 DEOPT UNPACKING pc=0x000001fbe62c7143 sp=0x000000d85dcf16a0 mode 0
Event: 10.834 Thread 0x000001fbf664e720 DEOPT PACKING pc=0x000001fbdf916680 sp=0x000000d85dcf2230
Event: 10.834 Thread 0x000001fbf664e720 DEOPT UNPACKING pc=0x000001fbe62c7143 sp=0x000000d85dcf16a0 mode 0
Event: 10.834 Thread 0x000001fbf664e720 DEOPT PACKING pc=0x000001fbdf916680 sp=0x000000d85dcf2230
Event: 10.834 Thread 0x000001fbf664e720 DEOPT UNPACKING pc=0x000001fbe62c7143 sp=0x000000d85dcf16a0 mode 0
Event: 10.834 Thread 0x000001fbf664e720 DEOPT PACKING pc=0x000001fbdf916680 sp=0x000000d85dcf2230
Event: 10.834 Thread 0x000001fbf664e720 DEOPT UNPACKING pc=0x000001fbe62c7143 sp=0x000000d85dcf16a0 mode 0
Event: 10.834 Thread 0x000001fbf664e720 DEOPT PACKING pc=0x000001fbdf916680 sp=0x000000d85dcf2230
Event: 10.834 Thread 0x000001fbf664e720 DEOPT UNPACKING pc=0x000001fbe62c7143 sp=0x000000d85dcf16a0 mode 0
Event: 10.834 Thread 0x000001fbf664e720 DEOPT PACKING pc=0x000001fbdf916680 sp=0x000000d85dcf2230
Event: 10.834 Thread 0x000001fbf664e720 DEOPT UNPACKING pc=0x000001fbe62c7143 sp=0x000000d85dcf16a0 mode 0
Event: 10.834 Thread 0x000001fbf664e720 DEOPT PACKING pc=0x000001fbdf916680 sp=0x000000d85dcf2230
Event: 10.834 Thread 0x000001fbf664e720 DEOPT UNPACKING pc=0x000001fbe62c7143 sp=0x000000d85dcf16a0 mode 0
Event: 10.834 Thread 0x000001fbf664e720 DEOPT PACKING pc=0x000001fbdf916680 sp=0x000000d85dcf2230
Event: 10.834 Thread 0x000001fbf664e720 DEOPT UNPACKING pc=0x000001fbe62c7143 sp=0x000000d85dcf16a0 mode 0

Classes unloaded (0 events):
No events

Classes redefined (0 events):
No events

Internal exceptions (20 events):
Event: 9.626 Thread 0x000001fbf664e720 Exception <a 'java/lang/NoSuchMethodError'{0x0000000087217168}: 'int java.lang.invoke.DelegatingMethodHandle$Holder.reinvoke_L(java.lang.Object, java.lang.Object, java.lang.Object, long, java.lang.Object, java.lang.Object)'> (0x0000000087217168) 
thrown [s\src\hotspot\share\interpreter\linkResolver.cpp, line 771]
Event: 9.626 Thread 0x000001fbf664e720 Exception <a 'java/lang/NoSuchMethodError'{0x0000000087227130}: 'void java.lang.invoke.DelegatingMethodHandle$Holder.reinvoke_L(java.lang.Object, java.lang.Object, java.lang.Object, long, java.lang.Object)'> (0x0000000087227130) 
thrown [s\src\hotspot\share\interpreter\linkResolver.cpp, line 771]
Event: 9.627 Thread 0x000001fbf664e720 Exception <a 'java/lang/NoSuchMethodError'{0x000000008722fa60}: 'java.lang.Object java.lang.invoke.DirectMethodHandle$Holder.invokeSpecial(java.lang.Object, java.lang.Object, java.lang.Object, java.lang.Object, long)'> (0x000000008722fa60) 
thrown [s\src\hotspot\share\interpreter\linkResolver.cpp, line 771]
Event: 9.629 Thread 0x000001fbf664e720 Exception <a 'java/lang/NoSuchMethodError'{0x0000000087254690}: 'long java.lang.invoke.Invokers$Holder.invoke_MT(java.lang.Object, java.lang.Object, java.lang.Object, java.lang.Object)'> (0x0000000087254690) 
thrown [s\src\hotspot\share\interpreter\linkResolver.cpp, line 771]
Event: 9.629 Thread 0x000001fbf664e720 Exception <a 'java/lang/NoSuchMethodError'{0x000000008725da38}: 'int java.lang.invoke.Invokers$Holder.invoke_MT(java.lang.Object, java.lang.Object, java.lang.Object, java.lang.Object)'> (0x000000008725da38) 
thrown [s\src\hotspot\share\interpreter\linkResolver.cpp, line 771]
Event: 9.630 Thread 0x000001fbf664e720 Exception <a 'java/lang/NoSuchMethodError'{0x000000008726ed28}: 'int java.lang.invoke.DelegatingMethodHandle$Holder.reinvoke_L(java.lang.Object, java.lang.Object, java.lang.Object, long, int)'> (0x000000008726ed28) 
thrown [s\src\hotspot\share\interpreter\linkResolver.cpp, line 771]
Event: 9.631 Thread 0x000001fbf664e720 Exception <a 'java/lang/NoSuchMethodError'{0x0000000087282790}: 'java.lang.Object java.lang.invoke.Invokers$Holder.invokeExact_MT(java.lang.Object, java.lang.Object, long, java.lang.Object)'> (0x0000000087282790) 
thrown [s\src\hotspot\share\interpreter\linkResolver.cpp, line 771]
Event: 9.867 Thread 0x000001fbf8e5b630 Exception <a 'sun/nio/fs/WindowsException'{0x0000000088edd0e0}> (0x0000000088edd0e0) 
thrown [s\src\hotspot\share\prims\jni.cpp, line 517]
Event: 9.891 Thread 0x000001fbf8e5b630 Exception <a 'sun/nio/fs/WindowsException'{0x0000000088c25118}> (0x0000000088c25118) 
thrown [s\src\hotspot\share\prims\jni.cpp, line 517]
Event: 9.892 Thread 0x000001fbf8e5b630 Exception <a 'sun/nio/fs/WindowsException'{0x0000000088c25328}> (0x0000000088c25328) 
thrown [s\src\hotspot\share\prims\jni.cpp, line 517]
Event: 9.911 Thread 0x000001fbf664e720 Implicit null exception at 0x000001fbe6834792 to 0x000001fbe6834e30
Event: 9.911 Thread 0x000001fbf664e720 Implicit null exception at 0x000001fbe6829214 to 0x000001fbe68298b8
Event: 10.144 Thread 0x000001fbf664e720 Exception <a 'java/lang/NoSuchMethodError'{0x0000000087a54a68}: 'java.lang.Object java.lang.invoke.DirectMethodHandle$Holder.newInvokeSpecial(java.lang.Object, java.lang.Object, java.lang.Object, java.lang.Object, int)'> (0x0000000087a54a68) 
thrown [s\src\hotspot\share\interpreter\linkResolver.cpp, line 771]
Event: 10.144 Thread 0x000001fbf664e720 Exception <a 'java/lang/NoSuchMethodError'{0x0000000087a59e68}: 'java.lang.Object java.lang.invoke.DirectMethodHandle$Holder.invokeSpecial(java.lang.Object, java.lang.Object, java.lang.Object, java.lang.Object, java.lang.Object, int)'> (0x0000000087a59e68) 
thrown [s\src\hotspot\share\interpreter\linkResolver.cpp, line 771]
Event: 10.144 Thread 0x000001fbf664e720 Exception <a 'java/lang/NoSuchMethodError'{0x0000000087a5eba0}: 'java.lang.Object java.lang.invoke.Invokers$Holder.linkToTargetMethod(java.lang.Object, java.lang.Object, java.lang.Object, int, java.lang.Object)'> (0x0000000087a5eba0) 
thrown [s\src\hotspot\share\interpreter\linkResolver.cpp, line 771]
Event: 10.317 Thread 0x000001fbf664e720 Exception <a 'java/lang/NoSuchMethodError'{0x0000000086d30628}: 'int java.lang.invoke.DirectMethodHandle$Holder.invokeInterface(java.lang.Object, java.lang.Object, java.lang.Object, java.lang.Object)'> (0x0000000086d30628) 
thrown [s\src\hotspot\share\interpreter\linkResolver.cpp, line 771]
Event: 10.657 Thread 0x000001fbf664e720 Exception <a 'java/lang/IncompatibleClassChangeError'{0x0000000087d07990}: Found class java.lang.Object, but interface was expected> (0x0000000087d07990) 
thrown [s\src\hotspot\share\interpreter\linkResolver.cpp, line 838]
Event: 10.698 Thread 0x000001fbf664e720 Implicit null exception at 0x000001fbe6b05ed4 to 0x000001fbe6b06080
Event: 10.698 Thread 0x000001fbf664e720 Implicit null exception at 0x000001fbe68abf41 to 0x000001fbe68adcc8
Event: 10.784 Thread 0x000001fbf664e720 Implicit null exception at 0x000001fbe6a0f40c to 0x000001fbe6a0f546

VM Operations (20 events):
Event: 9.855 Executing VM operation: HandshakeAllThreads done
Event: 9.865 Executing VM operation: HandshakeAllThreads
Event: 9.865 Executing VM operation: HandshakeAllThreads done
Event: 9.882 Executing VM operation: HandshakeAllThreads
Event: 9.882 Executing VM operation: HandshakeAllThreads done
Event: 10.310 Executing VM operation: HandshakeAllThreads
Event: 10.310 Executing VM operation: HandshakeAllThreads done
Event: 10.316 Executing VM operation: HandshakeAllThreads
Event: 10.317 Executing VM operation: HandshakeAllThreads done
Event: 10.366 Executing VM operation: G1CollectForAllocation
Event: 10.369 Executing VM operation: G1CollectForAllocation done
Event: 10.379 Executing VM operation: G1CollectForAllocation
Event: 10.384 Executing VM operation: G1CollectForAllocation done
Event: 10.787 Executing VM operation: HandshakeAllThreads
Event: 10.787 Executing VM operation: HandshakeAllThreads done
Event: 10.794 Executing VM operation: G1CollectForAllocation
Event: 10.796 Executing VM operation: G1CollectForAllocation done
Event: 10.814 Executing VM operation: HandshakeAllThreads
Event: 10.814 Executing VM operation: HandshakeAllThreads done
Event: 10.835 Executing VM operation: G1Concurrent

Events (20 events):
Event: 10.791 loading class java/security/cert/CertPathValidatorException done
Event: 10.791 loading class java/time/format/DateTimePrintContext
Event: 10.792 loading class java/time/format/DateTimePrintContext done
Event: 10.792 loading class java/time/Instant$1
Event: 10.792 loading class java/time/Instant$1 done
Event: 10.792 loading class java/security/cert/CertPathValidatorException$BasicReason
Event: 10.792 loading class java/security/cert/CertPathValidatorException$Reason
Event: 10.792 loading class java/security/cert/CertPathValidatorException$Reason done
Event: 10.792 loading class java/security/cert/CertPathValidatorException$BasicReason done
Event: 10.812 loading class java/util/Base64
Event: 10.812 loading class java/util/Base64 done
Event: 10.812 loading class java/util/Base64$Decoder
Event: 10.812 loading class java/util/Base64$Decoder done
Event: 10.812 loading class java/util/Base64$Encoder
Event: 10.813 loading class java/util/Base64$Encoder done
Event: 10.813 loading class java/util/jar/JarVerifier$VerifierStream
Event: 10.813 loading class java/util/jar/JarVerifier$VerifierStream done
Event: 10.813 loading class sun/security/util/ManifestEntryVerifier$SunProviderHolder
Event: 10.814 loading class sun/security/util/ManifestEntryVerifier$SunProviderHolder done
Event: 10.818 Thread 0x000001fbf6025ea0 flushing nmethod 0x000001fbdf1a4a90


Dynamic libraries:
0x00007ff60fc10000 - 0x00007ff60fc1a000 	D:\AndroidStudio\jbr\bin\java.exe
0x00007fff6fa90000 - 0x00007fff6fc88000 	C:\WINDOWS\SYSTEM32\ntdll.dll
0x00007fff6e9c0000 - 0x00007fff6ea7d000 	C:\WINDOWS\System32\KERNEL32.DLL
0x00007fff6d780000 - 0x00007fff6da76000 	C:\WINDOWS\System32\KERNELBASE.dll
0x00007fff6d460000 - 0x00007fff6d560000 	C:\WINDOWS\System32\ucrtbase.dll
0x00007fff59cf0000 - 0x00007fff59d0b000 	D:\AndroidStudio\jbr\bin\VCRUNTIME140.dll
0x00007fff4cc60000 - 0x00007fff4cc77000 	D:\AndroidStudio\jbr\bin\jli.dll
0x00007fff6e250000 - 0x00007fff6e3ee000 	C:\WINDOWS\System32\USER32.dll
0x00007fff6d560000 - 0x00007fff6d582000 	C:\WINDOWS\System32\win32u.dll
0x00007fff597f0000 - 0x00007fff59a8a000 	C:\WINDOWS\WinSxS\amd64_microsoft.windows.common-controls_6595b64144ccf1df_6.0.19041.3636_none_60b6a03d71f818d5\COMCTL32.dll
0x00007fff6e510000 - 0x00007fff6e5ae000 	C:\WINDOWS\System32\msvcrt.dll
0x00007fff6dde0000 - 0x00007fff6de0c000 	C:\WINDOWS\System32\GDI32.dll
0x00007fff6d590000 - 0x00007fff6d6aa000 	C:\WINDOWS\System32\gdi32full.dll
0x00007fff6d6b0000 - 0x00007fff6d74d000 	C:\WINDOWS\System32\msvcp_win.dll
0x00007fff6fa20000 - 0x00007fff6fa50000 	C:\WINDOWS\System32\IMM32.DLL
0x00007fff58fd0000 - 0x00007fff58fdc000 	D:\AndroidStudio\jbr\bin\vcruntime140_1.dll
0x00007fff434d0000 - 0x00007fff4355d000 	D:\AndroidStudio\jbr\bin\msvcp140.dll
0x00007fff1b960000 - 0x00007fff1c5ce000 	D:\AndroidStudio\jbr\bin\server\jvm.dll
0x00007fff6dcd0000 - 0x00007fff6dd7f000 	C:\WINDOWS\System32\ADVAPI32.dll
0x00007fff6f8a0000 - 0x00007fff6f93c000 	C:\WINDOWS\System32\sechost.dll
0x00007fff6daf0000 - 0x00007fff6dc16000 	C:\WINDOWS\System32\RPCRT4.dll
0x00007fff59550000 - 0x00007fff59577000 	C:\WINDOWS\SYSTEM32\WINMM.dll
0x00007fff65d10000 - 0x00007fff65d1a000 	C:\WINDOWS\SYSTEM32\VERSION.dll
0x00007fff68750000 - 0x00007fff68759000 	C:\WINDOWS\SYSTEM32\WSOCK32.dll
0x00007fff6e5b0000 - 0x00007fff6e61b000 	C:\WINDOWS\System32\WS2_32.dll
0x00007fff6b9c0000 - 0x00007fff6b9d2000 	C:\WINDOWS\SYSTEM32\kernel.appcore.dll
0x00007fff66f50000 - 0x00007fff66f5a000 	D:\AndroidStudio\jbr\bin\jimage.dll
0x00007fff6af10000 - 0x00007fff6b0f4000 	C:\WINDOWS\SYSTEM32\DBGHELP.DLL
0x00007fff57f70000 - 0x00007fff57fa4000 	C:\WINDOWS\SYSTEM32\dbgcore.DLL
0x00007fff6d220000 - 0x00007fff6d2a2000 	C:\WINDOWS\System32\bcryptPrimitives.dll
0x00007fff538b0000 - 0x00007fff538d5000 	D:\AndroidStudio\jbr\bin\java.dll
0x00007fff53b70000 - 0x00007fff53b88000 	D:\AndroidStudio\jbr\bin\zip.dll
0x00007fff6ea80000 - 0x00007fff6f1c4000 	C:\WINDOWS\System32\SHELL32.dll
0x00007fff6b100000 - 0x00007fff6b89b000 	C:\WINDOWS\SYSTEM32\windows.storage.dll
0x00007fff6def0000 - 0x00007fff6e244000 	C:\WINDOWS\System32\combase.dll
0x00007fff6cbb0000 - 0x00007fff6cbdd000 	C:\WINDOWS\SYSTEM32\Wldp.dll
0x00007fff6e680000 - 0x00007fff6e72d000 	C:\WINDOWS\System32\SHCORE.dll
0x00007fff6e620000 - 0x00007fff6e675000 	C:\WINDOWS\System32\shlwapi.dll
0x00007fff6d0a0000 - 0x00007fff6d0c5000 	C:\WINDOWS\SYSTEM32\profapi.dll
0x00007fff4cff0000 - 0x00007fff4d009000 	D:\AndroidStudio\jbr\bin\net.dll
0x00007fff670d0000 - 0x00007fff671da000 	C:\WINDOWS\SYSTEM32\WINHTTP.dll
0x00007fff6c910000 - 0x00007fff6c97a000 	C:\WINDOWS\system32\mswsock.dll
0x00007fff4cfd0000 - 0x00007fff4cfe6000 	D:\AndroidStudio\jbr\bin\nio.dll
0x00007fff590d0000 - 0x00007fff590e0000 	D:\AndroidStudio\jbr\bin\verify.dll
0x00007fff572c0000 - 0x00007fff572e7000 	C:\Users\hoang\.gradle\native\68d5fa5c4cc2d200863cafc0d521ce42e7d3e7ee720ec0a83991735586a16f82\windows-amd64\native-platform.dll
0x00007fff31f00000 - 0x00007fff32044000 	C:\Users\hoang\.gradle\native\e376f236ea51e6404a007f0833ffe2c6e607c4080706a723a18a27aeea778392\windows-amd64\native-platform-file-events.dll
0x00007fff590a0000 - 0x00007fff590a9000 	D:\AndroidStudio\jbr\bin\management.dll
0x00007fff56b10000 - 0x00007fff56b1b000 	D:\AndroidStudio\jbr\bin\management_ext.dll
0x00007fff6f6a0000 - 0x00007fff6f6a8000 	C:\WINDOWS\System32\PSAPI.DLL
0x00007fff6cb10000 - 0x00007fff6cb28000 	C:\WINDOWS\SYSTEM32\CRYPTSP.dll
0x00007fff6c1d0000 - 0x00007fff6c204000 	C:\WINDOWS\system32\rsaenh.dll
0x00007fff6d750000 - 0x00007fff6d777000 	C:\WINDOWS\System32\bcrypt.dll
0x00007fff6d020000 - 0x00007fff6d04e000 	C:\WINDOWS\SYSTEM32\USERENV.dll
0x00007fff6cb00000 - 0x00007fff6cb0c000 	C:\WINDOWS\SYSTEM32\CRYPTBASE.dll
0x00007fff6c5b0000 - 0x00007fff6c5eb000 	C:\WINDOWS\SYSTEM32\IPHLPAPI.DLL
0x00007fff6f940000 - 0x00007fff6f948000 	C:\WINDOWS\System32\NSI.dll
0x00007fff639a0000 - 0x00007fff639b7000 	C:\WINDOWS\SYSTEM32\dhcpcsvc6.DLL
0x00007fff63980000 - 0x00007fff6399d000 	C:\WINDOWS\SYSTEM32\dhcpcsvc.DLL
0x00007fff6c5f0000 - 0x00007fff6c6ba000 	C:\WINDOWS\SYSTEM32\DNSAPI.dll
0x00007fff572a0000 - 0x00007fff572a7000 	C:\WINDOWS\system32\wshunix.dll
0x00007fff63af0000 - 0x00007fff63afa000 	C:\Windows\System32\rasadhlp.dll
0x00007fff5f220000 - 0x00007fff5f2a0000 	C:\WINDOWS\System32\fwpuclnt.dll

dbghelp: loaded successfully - version: 4.0.5 - missing functions: none
symbol engine: initialized successfully - sym options: 0x614 - pdb path: .;D:\AndroidStudio\jbr\bin;C:\WINDOWS\SYSTEM32;C:\WINDOWS\WinSxS\amd64_microsoft.windows.common-controls_6595b64144ccf1df_6.0.19041.3636_none_60b6a03d71f818d5;D:\AndroidStudio\jbr\bin\server;C:\Users\hoang\.gradle\native\68d5fa5c4cc2d200863cafc0d521ce42e7d3e7ee720ec0a83991735586a16f82\windows-amd64;C:\Users\hoang\.gradle\native\e376f236ea51e6404a007f0833ffe2c6e607c4080706a723a18a27aeea778392\windows-amd64

VM Arguments:
jvm_args: --add-opens=java.base/java.util=ALL-UNNAMED --add-opens=java.base/java.lang=ALL-UNNAMED --add-opens=java.base/java.lang.invoke=ALL-UNNAMED --add-opens=java.prefs/java.util.prefs=ALL-UNNAMED --add-opens=java.base/java.nio.charset=ALL-UNNAMED --add-opens=java.base/java.net=ALL-UNNAMED --add-opens=java.base/java.util.concurrent.atomic=ALL-UNNAMED -Xmx2048m -Dfile.encoding=UTF-8 -Duser.country=US -Duser.language=en -Duser.variant 
java_command: org.gradle.launcher.daemon.bootstrap.GradleDaemon 8.0
java_class_path (initial): C:\Users\hoang\.gradle\wrapper\dists\gradle-8.0-bin\ca5e32bp14vu59qr306oxotwh\gradle-8.0\lib\gradle-launcher-8.0.jar
Launcher Type: SUN_STANDARD

[Global flags]
     intx CICompilerCount                          = 4                                         {product} {ergonomic}
     uint ConcGCThreads                            = 2                                         {product} {ergonomic}
     uint G1ConcRefinementThreads                  = 8                                         {product} {ergonomic}
   size_t G1HeapRegionSize                         = 1048576                                   {product} {ergonomic}
    uintx GCDrainStackTargetSize                   = 64                                        {product} {ergonomic}
   size_t InitialHeapSize                          = 132120576                                 {product} {ergonomic}
   size_t MarkStackSize                            = 4194304                                   {product} {ergonomic}
   size_t MaxHeapSize                              = 2147483648                                {product} {command line}
   size_t MaxNewSize                               = 1287651328                                {product} {ergonomic}
   size_t MinHeapDeltaBytes                        = 1048576                                   {product} {ergonomic}
   size_t MinHeapSize                              = 8388608                                   {product} {ergonomic}
    uintx NonNMethodCodeHeapSize                   = 5839372                                {pd product} {ergonomic}
    uintx NonProfiledCodeHeapSize                  = 122909434                              {pd product} {ergonomic}
    uintx ProfiledCodeHeapSize                     = 122909434                              {pd product} {ergonomic}
    uintx ReservedCodeCacheSize                    = 251658240                              {pd product} {ergonomic}
     bool SegmentedCodeCache                       = true                                      {product} {ergonomic}
   size_t SoftMaxHeapSize                          = 2147483648                             {manageable} {ergonomic}
     bool UseCompressedClassPointers               = true                           {product lp64_product} {ergonomic}
     bool UseCompressedOops                        = true                           {product lp64_product} {ergonomic}
     bool UseG1GC                                  = true                                      {product} {ergonomic}
     bool UseLargePagesIndividualAllocation        = false                                  {pd product} {ergonomic}

Logging:
Log output configuration:
 #0: stdout all=warning uptime,level,tags
 #1: stderr all=off uptime,level,tags

Environment Variables:
PATH=C:\Program Files\Common Files\Oracle\Java\javapath;C:\Program Files (x86)\Common Files\Oracle\Java\javapath;C:\Windows\system32;C:\Windows;C:\Windows\System32\Wbem;C:\Windows\System32\WindowsPowerShell\v1.0\;C:\Windows\System32\OpenSSH\;C:\Program Files (x86)\NVIDIA Corporation\PhysX\Common;C:\Program Files\NVIDIA Corporation\NVIDIA NvDLISR;C:\WINDOWS\system32;C:\WINDOWS;C:\WINDOWS\System32\Wbem;C:\WINDOWS\System32\WindowsPowerShell\v1.0\;C:\WINDOWS\System32\OpenSSH\;C:\xampp\php;C:\ProgramData\ComposerSetup\bin;C:\Program Files\Git\cmd;C:\Users\hoang\AppData\Local\Programs\Python\Python312\Scripts\;C:\Users\hoang\AppData\Local\Programs\Python\Python312\;C:\Users\hoang\AppData\Local\Programs\Python\Launcher\;C:\Users\hoang\AppData\Local\Microsoft\WindowsApps;D:\Microsoft VS Code\bin;C:\Users\hoang\AppData\Roaming\Composer\vendor\bin;C:\Users\hoang\AppData\Local\GitHubDesktop\bin;C:\msys64\ucrt64\bin;
USERNAME=hoang
OS=Windows_NT
PROCESSOR_IDENTIFIER=Intel64 Family 6 Model 142 Stepping 12, GenuineIntel
TMP=C:\Users\hoang\AppData\Local\Temp
TEMP=C:\Users\hoang\AppData\Local\Temp


JNI global refs:
JNI global refs: 27, weak refs: 0

JNI global refs memory usage: 843, weak refs: 841


---------------  S Y S T E M  ---------------

OS:
 Windows 10 , 64 bit Build 19041 (10.0.19041.3636)
OS uptime: 1 days 1:09 hours

CPU: total 8 (initial active 8) (4 cores per cpu, 2 threads per core) family 6 model 142 stepping 12 microcode 0xd6, cx8, cmov, fxsr, ht, mmx, 3dnowpref, sse, sse2, sse3, ssse3, sse4.1, sse4.2, popcnt, lzcnt, tsc, tscinvbit, avx, avx2, aes, erms, clmul, bmi1, bmi2, adx, fma, vzeroupper, clflush, clflushopt

Memory: 4k page, system-wide physical 7942M (668M free)
TotalPageFile size 11519M (AvailPageFile size 15M)
current process WorkingSet (physical memory assigned to process): 367M, peak: 368M
current process commit charge ("private bytes"): 401M, peak: 421M

vm_info: OpenJDK 64-Bit Server VM (17.0.6+0-b2043.56-10027231) for windows-amd64 JRE (17.0.6+0-b2043.56-10027231), built on Apr 28 2023 00:43:19 by "androidbuild" with MS VC++ 16.10 / 16.11 (VS2019)

END.
